<?xml version="1.0" encoding="utf-8"?><testsuites name="pytest tests"><testsuite name="pytest" errors="0" failures="0" skipped="0" tests="65" time="41.114" timestamp="2026-09-10T18:03:21.737759+08:00" hostname="DESKTOP-05SBA87"><testcase classname="tests.test_cli" name="test_validate_command_prints_json_and_exits_zero" time="1.384" /><testcase classname="tests.test_cli" name="test_validate_command_exits_two_for_policy_failure" time="1.699" /><testcase classname="tests.test_cli" name="test_promote_command_succeeds_for_local_package_while_preservation_is_incomplete" time="1.304" /><testcase classname="tests.test_cli" name="test_malformed_json_does_not_echo_secret_or_traceback" time="1.013" /><testcase classname="tests.test_integrity" name="test_file_integrity_streams_known_sha256_and_size" time="0.005" /><testcase classname="tests.test_integrity" name="test_compare_bytes_reports_same_bytes" time="0.004" /><testcase classname="tests.test_integrity" name="test_compare_bytes_reports_different_bytes_without_geometry_status" time="0.006" /><testcase classname="tests.test_integrity" name="test_copy_and_verify_records_exact_source_and_destination" time="0.009" /><testcase classname="tests.test_integrity" name="test_copy_and_verify_refuses_to_overwrite_existing_evidence" time="0.004" /><testcase classname="tests.test_policy" name="test_portable_path_parser_rejects_windows_and_posix_escape_forms[windows-drive-forward-slash]" time="0.001" /><testcase classname="tests.test_policy" name="test_portable_path_parser_rejects_windows_and_posix_escape_forms[windows-drive-backslash]" time="0.001" /><testcase classname="tests.test_policy" name="test_portable_path_parser_rejects_windows_and_posix_escape_forms[posix-absolute]" time="0.001" /><testcase classname="tests.test_policy" name="test_portable_path_parser_rejects_windows_and_posix_escape_forms[posix-traversal]" time="0.001" /><testcase classname="tests.test_policy" name="test_portable_path_parser_rejects_windows_and_posix_escape_forms[backslash-traversal]" time="0.001" /><testcase classname="tests.test_policy" name="test_portable_path_parser_normalizes_safe_separators" time="0.001" /><testcase classname="tests.test_policy" name="test_valid_request_passes_every_all_local_policy_checks" time="0.933" /><testcase classname="tests.test_policy" name="test_manifest_and_provenance_defects_fail_closed[missing_implementation_commit-SCHEMA_INVALID]" time="0.569" /><testcase classname="tests.test_policy" name="test_manifest_and_provenance_defects_fail_closed[nonexistent_implementation_commit-GIT_COMMIT_NOT_FOUND]" time="0.742" /><testcase classname="tests.test_policy" name="test_manifest_and_provenance_defects_fail_closed[invalid_run_id-SCHEMA_INVALID]" time="0.616" /><testcase classname="tests.test_policy" name="test_manifest_and_provenance_defects_fail_closed[missing_tolerance_unit-SCHEMA_INVALID]" time="0.608" /><testcase classname="tests.test_policy" name="test_manifest_and_provenance_defects_fail_closed[missing_result_evidence-EVIDENCE_REFERENCE_MISSING]" time="0.904" /><testcase classname="tests.test_policy" name="test_non_ancestor_parent_is_rejected" time="1.145" /><testcase classname="tests.test_policy" name="test_schema_failure_marks_dependent_checks_not_run" time="0.615" /><testcase classname="tests.test_policy" name="test_invalid_execution_timestamp_fails_schema_policy" time="0.608" /><testcase classname="tests.test_policy" name="test_allowlist_and_path_defects_fail_closed[missing-ALLOWLIST_SOURCE_MISSING]" time="0.949" /><testcase classname="tests.test_policy" name="test_allowlist_and_path_defects_fail_closed[traversal-PATH_ESCAPE]" time="0.902" /><testcase classname="tests.test_policy" name="test_allowlist_and_path_defects_fail_closed[absolute_source-PATH_ESCAPE]" time="0.917" /><testcase classname="tests.test_policy" name="test_allowlist_and_path_defects_fail_closed[absolute_public-PUBLIC_PATH_INVALID]" time="0.891" /><testcase classname="tests.test_policy" name="test_allowlist_and_path_defects_fail_closed[outside_staging-STAGING_ROOT_INVALID]" time="0.888" /><testcase classname="tests.test_policy" name="test_allowlist_and_path_defects_fail_closed[directory-BROAD_SELECTION]" time="0.922" /><testcase classname="tests.test_policy" name="test_allowlist_and_path_defects_fail_closed[duplicate_public-PUBLIC_PATH_INVALID]" time="0.979" /><testcase classname="tests.test_policy" name="test_allowlist_and_path_defects_fail_closed[reserved_public-PUBLIC_PATH_INVALID]" time="0.935" /><testcase classname="tests.test_policy" name="test_symlink_escape_is_rejected_when_host_supports_symlinks" time="0.945" /><testcase classname="tests.test_policy" name="test_sensitive_public_content_is_rejected[windows-home-path]" time="0.933" /><testcase classname="tests.test_policy" name="test_sensitive_public_content_is_rejected[linux-home-path]" time="0.873" /><testcase classname="tests.test_policy" name="test_sensitive_public_content_is_rejected[codex-private-path]" time="0.952" /><testcase classname="tests.test_policy" name="test_sensitive_public_content_is_rejected[private-key-header]" time="0.930" /><testcase classname="tests.test_policy" name="test_sensitive_public_content_is_rejected[github-token]" time="0.868" /><testcase classname="tests.test_policy" name="test_sensitive_public_content_is_rejected[password-assignment]" time="0.951" /><testcase classname="tests.test_policy" name="test_ordinary_sha256_integrity_value_is_public_safe" time="0.958" /><testcase classname="tests.test_policy" name="test_sha_geometry_predicate_is_rejected" time="0.882" /><testcase classname="tests.test_policy" name="test_byte_difference_does_not_set_geometry_failure" time="0.928" /><testcase classname="tests.test_policy" name="test_all_declared_failure_categories_are_retained" time="0.884" /><testcase classname="tests.test_policy" name="test_dropped_or_misclassified_failure_evidence_is_rejected[failure_artifact_ids]" time="0.933" /><testcase classname="tests.test_policy" name="test_dropped_or_misclassified_failure_evidence_is_rejected[mismatch_artifact_ids]" time="0.941" /><testcase classname="tests.test_policy" name="test_dropped_or_misclassified_failure_evidence_is_rejected[rejection_artifact_ids]" time="0.962" /><testcase classname="tests.test_policy" name="test_dropped_or_misclassified_failure_evidence_is_rejected[reviewer_finding_artifact_ids]" time="0.958" /><testcase classname="tests.test_promotion" name="test_local_package_can_succeed_without_full_preservation" time="0.951" /><testcase classname="tests.test_promotion" name="test_generated_manifest_is_schema_valid_and_keeps_results_separate" time="0.988" /><testcase classname="tests.test_promotion" name="test_copy_inventory_recounts_each_allowlisted_file" time="0.962" /><testcase classname="tests.test_promotion" name="test_second_promotion_refuses_overwrite_without_changing_package" time="1.251" /><testcase classname="tests.test_promotion" name="test_missing_allowlisted_file_installs_no_package" time="1.008" /><testcase classname="tests.test_promotion" name="test_copy_corruption_retains_failure_report_and_source_evidence" time="1.137" /><testcase classname="tests.test_schema_contracts" name="test_historical_manifests_remain_valid" time="0.312" /><testcase classname="tests.test_schema_contracts" name="test_valid_mvp_request_requires_unproven_geometry" time="0.084" /><testcase classname="tests.test_schema_contracts" name="test_valid_generated_manifest_keeps_package_preservation_and_publication_separate" time="0.089" /><testcase classname="tests.test_schema_contracts" name="test_manifest_allows_byte_difference_without_geometry_claim" time="0.086" /><testcase classname="tests.test_schema_contracts" name="test_request_schema_rejects_incomplete_or_claiming_input[missing_implementation_commit]" time="0.081" /><testcase classname="tests.test_schema_contracts" name="test_request_schema_rejects_incomplete_or_claiming_input[invalid_run_id]" time="0.084" /><testcase classname="tests.test_schema_contracts" name="test_request_schema_rejects_incomplete_or_claiming_input[missing_tolerance_unit]" time="0.081" /><testcase classname="tests.test_schema_contracts" name="test_request_schema_rejects_incomplete_or_claiming_input[unknown_property]" time="0.081" /><testcase classname="tests.test_schema_contracts" name="test_request_schema_rejects_incomplete_or_claiming_input[geometry_pass]" time="0.080" /><testcase classname="tests.test_schema_contracts" name="test_request_schema_rejects_incomplete_or_claiming_input[geometry_evidence]" time="0.085" /><testcase classname="tests.test_schema_contracts" name="test_request_schema_rejects_incomplete_or_claiming_input[collapsed_result_status]" time="0.081" /><testcase classname="tests.test_schema_contracts" name="test_deterministic_json_writer_sorts_keys_and_terminates_line" time="0.007" /></testsuite></testsuites>