<?xml version="1.0" encoding="utf-8"?><testsuites name="pytest tests"><testsuite name="pytest" errors="0" failures="0" skipped="0" tests="104" time="100.958" timestamp="2026-09-11T00:59:47.635291+08:00" hostname="DESKTOP-05SBA87"><testcase classname="tests.test_cad_evidence_schema" name="test_all_four_cad_artifact_types_validate" time="0.006" /><testcase classname="tests.test_cad_evidence_schema" name="test_geometry_snapshot_requires_unit_bearing_actual_measurements" time="0.002" /><testcase classname="tests.test_cad_evidence_schema" name="test_snapshot_types_remain_separate" time="0.002" /><testcase classname="tests.test_cad_evidence_schema" name="test_geometry_comparison_forbids_sha_as_method" time="0.003" /><testcase classname="tests.test_cad_evidence_schema" name="test_nonfinite_measurement_is_rejected_before_serialization" time="0.002" /><testcase classname="tests.test_cad_evidence" name="test_tolerance_boundary_is_inclusive[mm-0.000999-True]" time="0.001" /><testcase classname="tests.test_cad_evidence" name="test_tolerance_boundary_is_inclusive[mm-0.001-True]" time="0.001" /><testcase classname="tests.test_cad_evidence" name="test_tolerance_boundary_is_inclusive[mm-0.001001-False]" time="0.001" /><testcase classname="tests.test_cad_evidence" name="test_tolerance_boundary_is_inclusive[mm2-0.000999-True]" time="0.001" /><testcase classname="tests.test_cad_evidence" name="test_tolerance_boundary_is_inclusive[mm2-0.001-True]" time="0.001" /><testcase classname="tests.test_cad_evidence" name="test_tolerance_boundary_is_inclusive[mm2-0.001001-False]" time="0.001" /><testcase classname="tests.test_cad_evidence" name="test_tolerance_boundary_is_inclusive[mm3-0.000999-True]" time="0.001" /><testcase classname="tests.test_cad_evidence" name="test_tolerance_boundary_is_inclusive[mm3-0.001-True]" time="0.001" /><testcase classname="tests.test_cad_evidence" name="test_tolerance_boundary_is_inclusive[mm3-0.001001-False]" time="0.001" /><testcase classname="tests.test_cad_evidence" name="test_tolerance_rejects_boolean_and_nonfinite_measurements[True]" time="0.001" /><testcase classname="tests.test_cad_evidence" name="test_tolerance_rejects_boolean_and_nonfinite_measurements[False]" time="0.001" /><testcase classname="tests.test_cad_evidence" name="test_tolerance_rejects_boolean_and_nonfinite_measurements[nan]" time="0.001" /><testcase classname="tests.test_cad_evidence" name="test_tolerance_rejects_boolean_and_nonfinite_measurements[inf]" time="0.001" /><testcase classname="tests.test_cad_evidence" name="test_tolerance_rejects_wrong_unit" time="0.001" /><testcase classname="tests.test_cad_evidence" name="test_semantics_support_only_the_fixture_binding" time="0.000" /><testcase classname="tests.test_cad_evidence" name="test_missing_fixture_semantics_fail_closed" time="0.000" /><testcase classname="tests.test_cad_evidence" name="test_ui_difference_is_reported_only_in_ui_domain" time="0.001" /><testcase classname="tests.test_cad_evidence" name="test_equal_supported_ui_state_is_ui_same" time="0.001" /><testcase classname="tests.test_cad_evidence" name="test_missing_required_saved_ui_state_is_not_proven" time="0.001" /><testcase classname="tests.test_cad_demo" name="test_demo_generates_three_distinct_reopenable_cad_sets" time="9.801" /><testcase classname="tests.test_cad_demo" name="test_each_case_emits_three_schema_valid_snapshots" time="9.599" /><testcase classname="tests.test_cad_demo" name="test_ui_properties_survive_actual_fcstd_reopen" time="11.684" /><testcase classname="tests.test_cad_demo" name="test_case_a_proves_geometry_and_semantics_while_ui_differs" time="9.627" /><testcase classname="tests.test_cad_demo" name="test_case_b_reports_actual_geometry_measurement_reasons" time="9.588" /><testcase classname="tests.test_cad_demo" name="test_serialization_reopen_geometry_is_not_decided_by_bytes" time="9.778" /><testcase classname="tests.test_schema_contracts" name="test_stable_evidence_disables_git_line_ending_conversion" time="0.046" /><testcase classname="tests.test_schema_contracts" name="test_historical_manifests_remain_valid" time="0.256" /><testcase classname="tests.test_schema_contracts" name="test_valid_mvp_request_allows_unproven_geometry" time="0.080" /><testcase classname="tests.test_schema_contracts" name="test_valid_generated_manifest_keeps_package_preservation_and_publication_separate" time="0.081" /><testcase classname="tests.test_schema_contracts" name="test_manifest_allows_byte_difference_without_geometry_claim" time="0.081" /><testcase classname="tests.test_schema_contracts" name="test_request_allows_proven_cad_results_only_with_evidence" time="0.581" /><testcase classname="tests.test_schema_contracts" name="test_historical_manifests_still_validate_after_cad_extension" time="0.236" /><testcase classname="tests.test_schema_contracts" name="test_existing_p2_mvp_manifests_remain_valid" time="0.047" /><testcase classname="tests.test_schema_contracts" name="test_request_schema_rejects_incomplete_or_claiming_input[missing_implementation_commit]" time="0.076" /><testcase classname="tests.test_schema_contracts" name="test_request_schema_rejects_incomplete_or_claiming_input[invalid_run_id]" time="0.076" /><testcase classname="tests.test_schema_contracts" name="test_request_schema_rejects_incomplete_or_claiming_input[missing_tolerance_unit]" time="0.076" /><testcase classname="tests.test_schema_contracts" name="test_request_schema_rejects_incomplete_or_claiming_input[unknown_property]" time="0.079" /><testcase classname="tests.test_schema_contracts" name="test_request_schema_rejects_incomplete_or_claiming_input[geometry_pass_without_evidence]" time="0.080" /><testcase classname="tests.test_schema_contracts" name="test_request_schema_rejects_incomplete_or_claiming_input[geometry_evidence]" time="0.080" /><testcase classname="tests.test_schema_contracts" name="test_request_schema_rejects_incomplete_or_claiming_input[collapsed_result_status]" time="0.077" /><testcase classname="tests.test_schema_contracts" name="test_deterministic_json_writer_sorts_keys_and_terminates_line" time="0.004" /><testcase classname="tests.test_policy" name="test_portable_path_parser_rejects_windows_and_posix_escape_forms[windows-drive-forward-slash]" time="0.001" /><testcase classname="tests.test_policy" name="test_portable_path_parser_rejects_windows_and_posix_escape_forms[windows-drive-backslash]" time="0.001" /><testcase classname="tests.test_policy" name="test_portable_path_parser_rejects_windows_and_posix_escape_forms[posix-absolute]" time="0.001" /><testcase classname="tests.test_policy" name="test_portable_path_parser_rejects_windows_and_posix_escape_forms[posix-traversal]" time="0.001" /><testcase classname="tests.test_policy" name="test_portable_path_parser_rejects_windows_and_posix_escape_forms[backslash-traversal]" time="0.001" /><testcase classname="tests.test_policy" name="test_portable_path_parser_normalizes_safe_separators" time="0.000" /><testcase classname="tests.test_policy" name="test_valid_request_passes_every_all_local_policy_checks" time="0.708" /><testcase classname="tests.test_policy" name="test_manifest_and_provenance_defects_fail_closed[missing_implementation_commit-SCHEMA_INVALID]" time="0.528" /><testcase classname="tests.test_policy" name="test_manifest_and_provenance_defects_fail_closed[nonexistent_implementation_commit-GIT_COMMIT_NOT_FOUND]" time="0.600" /><testcase classname="tests.test_policy" name="test_manifest_and_provenance_defects_fail_closed[invalid_run_id-SCHEMA_INVALID]" time="0.487" /><testcase classname="tests.test_policy" name="test_manifest_and_provenance_defects_fail_closed[missing_tolerance_unit-SCHEMA_INVALID]" time="0.477" /><testcase classname="tests.test_policy" name="test_manifest_and_provenance_defects_fail_closed[missing_result_evidence-EVIDENCE_REFERENCE_MISSING]" time="0.703" /><testcase classname="tests.test_policy" name="test_non_ancestor_parent_is_rejected" time="0.890" /><testcase classname="tests.test_policy" name="test_schema_failure_marks_dependent_checks_not_run" time="0.475" /><testcase classname="tests.test_policy" name="test_invalid_execution_timestamp_fails_schema_policy" time="0.490" /><testcase classname="tests.test_policy" name="test_allowlist_and_path_defects_fail_closed[missing-ALLOWLIST_SOURCE_MISSING]" time="0.702" /><testcase classname="tests.test_policy" name="test_allowlist_and_path_defects_fail_closed[traversal-PATH_ESCAPE]" time="0.735" /><testcase classname="tests.test_policy" name="test_allowlist_and_path_defects_fail_closed[absolute_source-PATH_ESCAPE]" time="0.700" /><testcase classname="tests.test_policy" name="test_allowlist_and_path_defects_fail_closed[absolute_public-PUBLIC_PATH_INVALID]" time="0.719" /><testcase classname="tests.test_policy" name="test_allowlist_and_path_defects_fail_closed[outside_staging-STAGING_ROOT_INVALID]" time="0.709" /><testcase classname="tests.test_policy" name="test_allowlist_and_path_defects_fail_closed[directory-BROAD_SELECTION]" time="0.742" /><testcase classname="tests.test_policy" name="test_allowlist_and_path_defects_fail_closed[duplicate_public-PUBLIC_PATH_INVALID]" time="0.720" /><testcase classname="tests.test_policy" name="test_allowlist_and_path_defects_fail_closed[reserved_public-PUBLIC_PATH_INVALID]" time="0.716" /><testcase classname="tests.test_policy" name="test_symlink_escape_is_rejected_when_host_supports_symlinks" time="0.724" /><testcase classname="tests.test_policy" name="test_sensitive_public_content_is_rejected[windows-home-path]" time="0.762" /><testcase classname="tests.test_policy" name="test_sensitive_public_content_is_rejected[linux-home-path]" time="0.731" /><testcase classname="tests.test_policy" name="test_sensitive_public_content_is_rejected[codex-private-path]" time="0.746" /><testcase classname="tests.test_policy" name="test_sensitive_public_content_is_rejected[private-key-header]" time="0.729" /><testcase classname="tests.test_policy" name="test_sensitive_public_content_is_rejected[github-token]" time="0.729" /><testcase classname="tests.test_policy" name="test_sensitive_public_content_is_rejected[password-assignment]" time="0.714" /><testcase classname="tests.test_policy" name="test_ordinary_sha256_integrity_value_is_public_safe" time="0.710" /><testcase classname="tests.test_policy" name="test_sha_geometry_predicate_is_rejected" time="0.713" /><testcase classname="tests.test_policy" name="test_byte_difference_does_not_set_geometry_failure" time="0.693" /><testcase classname="tests.test_policy" name="test_valid_case_a_cad_evidence_passes_policy" time="0.728" /><testcase classname="tests.test_policy" name="test_unbacked_cad_claims_fail_closed[missing_comparison-CAD_EVIDENCE_REFERENCE_MISSING]" time="0.721" /><testcase classname="tests.test_policy" name="test_unbacked_cad_claims_fail_closed[malformed_snapshot-CAD_EVIDENCE_SCHEMA_INVALID]" time="0.731" /><testcase classname="tests.test_policy" name="test_unbacked_cad_claims_fail_closed[result_mismatch-CAD_RESULT_MISMATCH]" time="0.743" /><testcase classname="tests.test_policy" name="test_unbacked_cad_claims_fail_closed[sha_method-SHA_GEOMETRY_MISUSE]" time="0.751" /><testcase classname="tests.test_policy" name="test_all_declared_failure_categories_are_retained" time="0.731" /><testcase classname="tests.test_policy" name="test_dropped_or_misclassified_failure_evidence_is_rejected[failure_artifact_ids]" time="0.720" /><testcase classname="tests.test_policy" name="test_dropped_or_misclassified_failure_evidence_is_rejected[mismatch_artifact_ids]" time="0.721" /><testcase classname="tests.test_policy" name="test_dropped_or_misclassified_failure_evidence_is_rejected[rejection_artifact_ids]" time="0.770" /><testcase classname="tests.test_policy" name="test_dropped_or_misclassified_failure_evidence_is_rejected[reviewer_finding_artifact_ids]" time="0.855" /><testcase classname="tests.test_promotion" name="test_local_package_can_succeed_without_full_preservation" time="0.887" /><testcase classname="tests.test_promotion" name="test_generated_manifest_is_schema_valid_and_keeps_results_separate" time="0.815" /><testcase classname="tests.test_promotion" name="test_copy_inventory_recounts_each_allowlisted_file" time="0.850" /><testcase classname="tests.test_promotion" name="test_second_promotion_refuses_overwrite_without_changing_package" time="0.989" /><testcase classname="tests.test_promotion" name="test_missing_allowlisted_file_installs_no_package" time="0.743" /><testcase classname="tests.test_promotion" name="test_copy_corruption_retains_failure_report_and_source_evidence" time="0.723" /><testcase classname="tests.test_promotion" name="test_promotes_case_a_and_case_b_without_collapsing_results" time="0.807" /><testcase classname="tests.test_promotion" name="test_second_cad_promotion_refuses_overwrite" time="1.026" /><testcase classname="tests.test_promotion" name="test_missing_cad_snapshot_installs_no_package" time="0.737" /><testcase classname="tests.test_cli" name="test_validate_command_prints_json_and_exits_zero" time="1.124" /><testcase classname="tests.test_cli" name="test_validate_command_exits_two_for_policy_failure" time="1.088" /><testcase classname="tests.test_cli" name="test_promote_command_succeeds_for_local_package_while_preservation_is_incomplete" time="1.120" /><testcase classname="tests.test_cli" name="test_malformed_json_does_not_echo_secret_or_traceback" time="0.833" /><testcase classname="tests.test_cli" name="test_cli_exposes_only_validate_promote_and_demo" time="0.351" /><testcase classname="tests.test_cli" name="test_demo_rejects_output_outside_staging" time="0.717" /></testsuite></testsuites>