<?xml version="1.0" encoding="utf-8"?><testsuites name="pytest tests"><testsuite name="pytest" errors="0" failures="3" skipped="1" tests="101" time="2.129" timestamp="2026-09-12T08:58:05.238522+08:00" hostname="DESKTOP-05SBA87"><testcase classname="tests.viewer.test_model" name="test_valid_contract_entities_are_preserved[planar_full-geometry-counts0]" time="0.019" /><testcase classname="tests.viewer.test_model" name="test_valid_contract_entities_are_preserved[planar_partial-geometry-counts1]" time="0.011" /><testcase classname="tests.viewer.test_model" name="test_valid_contract_entities_are_preserved[planar_multipatch-geometry-counts2]" time="0.009" /><testcase classname="tests.viewer.test_model" name="test_valid_contract_entities_are_preserved[ambiguous_relation-negative-counts3]" time="0.007" /><testcase classname="tests.viewer.test_model" name="test_valid_contract_entities_are_preserved[missing_semantic_binding-negative-counts4]" time="0.007" /><testcase classname="tests.viewer.test_model" name="test_valid_contract_entities_are_preserved[unsupported_family-negative-counts5]" time="0.008" /><testcase classname="tests.viewer.test_model" name="test_disjoint_confirmation_and_semantic_roles_are_not_reinterpreted" time="0.010" /><testcase classname="tests.viewer.test_model" name="test_common_remaining_and_equal_area_components_stay_separate" time="0.019" /><testcase classname="tests.viewer.test_model" name="test_invalid_snapshot_retains_diagnostics_but_no_authoritative_entities" time="0.004" /><testcase classname="tests.viewer.test_model" name="test_explicit_invalid_optional_collection_is_not_treated_as_absent[value0-EMPTY]" time="0.006" /><testcase classname="tests.viewer.test_model" name="test_explicit_invalid_optional_collection_is_not_treated_as_absent[value1-INVALID_TYPE]" time="0.007" /><testcase classname="tests.viewer.test_model" name="test_malformed_snapshot_is_a_diagnostic_model[snapshot0]" time="0.001" /><testcase classname="tests.viewer.test_model" name="test_malformed_snapshot_is_a_diagnostic_model[None]" time="0.001" /><testcase classname="tests.viewer.test_model" name="test_malformed_snapshot_is_a_diagnostic_model[snapshot2]" time="0.001" /><testcase classname="tests.viewer.test_model" name="test_malformed_snapshot_is_a_diagnostic_model[not a snapshot]" time="0.001" /><testcase classname="tests.viewer.test_model" name="test_decided_overlay_copies_all_selection_facts_without_modifying_snapshot" time="0.027" /><testcase classname="tests.viewer.test_model" name="test_non_decided_outcomes_never_produce_selection[ambiguous_relation-REJECTED-AMBIGUOUS_INTERFACE]" time="0.009" /><testcase classname="tests.viewer.test_model" name="test_non_decided_outcomes_never_produce_selection[missing_semantic_binding-REJECTED-MISSING_SEMANTIC_BINDING]" time="0.013" /><testcase classname="tests.viewer.test_model" name="test_non_decided_outcomes_never_produce_selection[unsupported_family-UNSUPPORTED-UNSUPPORTED_GEOMETRY_FAMILY]" time="0.012" /><testcase classname="tests.viewer.test_model" name="test_non_decided_outcomes_never_produce_selection[unresolved_artifact-FAILED-INVALID_SNAPSHOT]" time="0.007" /><testcase classname="tests.viewer.test_model" name="test_invalid_snapshot_failure_without_references_remains_a_valid_decision" time="0.003" /><testcase classname="tests.viewer.test_model" name="test_multipatch_mock_mismatch_is_preserved_and_overlay_is_disabled" time="0.016" /><testcase classname="tests.viewer.test_model" name="test_malformed_decision_does_not_damage_snapshot[decision0]" time="0.020" /><testcase classname="tests.viewer.test_model" name="test_malformed_decision_does_not_damage_snapshot[decision1]" time="0.019" /><testcase classname="tests.viewer.test_model" name="test_malformed_decision_does_not_damage_snapshot[bad]" time="0.019" /><testcase classname="tests.viewer.test_model" name="test_approved_overlay_reference_checks_disable_only_overlay[input_snapshot_id-snapshot:v0.1:ffffffffffffffffffffffffffffffffffffffffffffffffffffffffffffffff-SNAPSHOT_MISMATCH]" time="0.017" /><testcase classname="tests.viewer.test_model" name="test_approved_overlay_reference_checks_disable_only_overlay[selected_interface_id-interface:missing-UNRESOLVED_REFERENCE]" time="0.017" /><testcase classname="tests.viewer.test_model" name="test_approved_overlay_reference_checks_disable_only_overlay[selected_patch_ids-value2-UNRESOLVED_REFERENCE]" time="0.017" /><testcase classname="tests.viewer.test_model" name="test_approved_overlay_reference_checks_disable_only_overlay[target_region_id-region:missing-UNRESOLVED_REFERENCE]" time="0.017" /><testcase classname="tests.viewer.test_model" name="test_approved_overlay_reference_checks_disable_only_overlay[provenance_reference-provenance:missing-UNRESOLVED_REFERENCE]" time="0.022" /><testcase classname="tests.viewer.test_model" name="test_approved_overlay_reference_checks_disable_only_overlay[expected_partition_refs-value5-UNRESOLVED_REFERENCE]" time="0.018" /><testcase classname="tests.viewer.test_model" name="test_viewer_does_not_invent_identity_frame_strategy_or_direction_rules[decision_id-decision:v0.1:aaaaaaaaaaaaaaaaaaaaaaaaaaaaaaaaaaaaaaaaaaaaaaaaaaaaaaaaaaaaaaaa]" time="0.018" /><testcase classname="tests.viewer.test_model" name="test_viewer_does_not_invent_identity_frame_strategy_or_direction_rules[local_frame_ref-frame:producer-local]" time="0.017" /><testcase classname="tests.viewer.test_model" name="test_viewer_does_not_invent_identity_frame_strategy_or_direction_rules[strategy_kind-CYLINDRICAL_INTERFACE_PARTITION]" time="0.017" /><testcase classname="tests.viewer.test_model" name="test_viewer_does_not_invent_identity_frame_strategy_or_direction_rules[partition_direction-value3]" time="0.017" /><testcase classname="tests.viewer.test_model" name="test_model_preserves_untrusted_strings_as_data_and_never_contains_hrefs" time="0.009" /><testcase classname="tests.viewer.test_model" name="test_collection_reordering_is_deterministic_but_vectors_keep_their_order" time="0.021" /><testcase classname="tests.viewer.test_model" name="test_provenance_resolution_is_separate_from_snapshot_validity[docs/missing.txt-MISSING]" time="0.010" /><testcase classname="tests.viewer.test_model" name="test_provenance_resolution_is_separate_from_snapshot_validity[javascript:alert(1)-UNSAFE]" time="0.010" /><testcase classname="tests.viewer.test_model" name="test_provenance_resolution_is_separate_from_snapshot_validity[docs/%2e%2e/secret-UNSAFE]" time="0.010" /><testcase classname="tests.viewer.test_model" name="test_provenance_resolution_is_separate_from_snapshot_validity[docs\\file.txt-UNSAFE]" time="0.010" /><testcase classname="tests.viewer.test_model" name="test_schema_invalid_provenance_path_cannot_publish_entity_or_link_views[../outside.txt]" time="0.007" /><testcase classname="tests.viewer.test_model" name="test_schema_invalid_provenance_path_cannot_publish_entity_or_link_views[C:/outside.txt]" time="0.006" /><testcase classname="tests.viewer.test_model" name="test_schema_invalid_provenance_path_cannot_publish_entity_or_link_views[//server/share/file.txt]" time="0.007" /><testcase classname="tests.viewer.test_model" name="test_existing_patch_from_another_interface_cannot_be_highlighted" time="0.019" /><testcase classname="tests.viewer.test_model" name="test_rejected_decision_with_selection_is_invalid_but_geometry_stays_visible" time="0.029" /><testcase classname="tests.viewer.test_model" name="test_valid_decision_cannot_enable_overlay_on_an_invalid_snapshot" time="0.015" /><testcase classname="tests.viewer.test_model" name="test_non_finite_data_produces_serializable_diagnostics[nan]" time="0.007"><failure message="assert []">tests\viewer\test_model.py:324: in test_non_finite_data_produces_serializable_diagnostics
    assert view["regions"]
E   assert []</failure></testcase><testcase classname="tests.viewer.test_model" name="test_non_finite_data_produces_serializable_diagnostics[inf]" time="0.009"><failure message="assert []">tests\viewer\test_model.py:324: in test_non_finite_data_produces_serializable_diagnostics
    assert view["regions"]
E   assert []</failure></testcase><testcase classname="tests.viewer.test_model" name="test_non_finite_data_produces_serializable_diagnostics[-inf]" time="0.008"><failure message="assert []">tests\viewer\test_model.py:324: in test_non_finite_data_produces_serializable_diagnostics
    assert view["regions"]
E   assert []</failure></testcase><testcase classname="tests.viewer.test_model" name="test_empty_relation_collection_is_valid_and_region_validity_is_only_observed" time="0.006" /><testcase classname="tests.viewer.test_model" name="test_decision_set_references_are_sorted_without_resigning_or_reordering_vectors" time="0.037" /><testcase classname="tests.viewer.test_model" name="test_symlink_escape_is_not_marked_as_a_resolved_provenance_file" time="0.010"><skipped type="pytest.skip" message="Symlink creation is unavailable: [WinError 1314] 客户端没有所需的特权。: 'C:\\Users\\ufo00\\AppData\\Local\\Temp\\pytest-of-ufo00\\pytest-2096\\test_symlink_escape_is_not_mar0\\outside.txt' -&gt; 'C:\\Users\\ufo00\\AppData\\Local\\Temp\\pytest-of-ufo00\\pytest-2096\\test_symlink_escape_is_not_mar0\\repository\\escape.txt'">D:\Agent\worktrees\dmslicer-ui-viewer-mvp-01\tests\viewer\test_model.py:362: Symlink creation is unavailable: [WinError 1314] 客户端没有所需的特权。: 'C:\\Users\\ufo00\\AppData\\Local\\Temp\\pytest-of-ufo00\\pytest-2096\\test_symlink_escape_is_not_mar0\\outside.txt' -&gt; 'C:\\Users\\ufo00\\AppData\\Local\\Temp\\pytest-of-ufo00\\pytest-2096\\test_symlink_escape_is_not_mar0\\repository\\escape.txt'</skipped></testcase><testcase classname="tests.viewer.test_model" name="test_model_runs_in_fresh_process_without_geometry_imports_or_cad_reads" time="0.400" /><testcase classname="tests.geometry_contract.test_canonical_examples" name="test_e0_planar_full_records_two_full_interfaces_and_disjoint_sources" time="0.009" /><testcase classname="tests.geometry_contract.test_canonical_examples" name="test_e1_planar_partial_records_common_and_both_remaining_partitions" time="0.007" /><testcase classname="tests.geometry_contract.test_canonical_examples" name="test_e2_planar_multipatch_keeps_equal_area_patches_in_two_components" time="0.007" /><testcase classname="tests.geometry_contract.test_canonical_examples" name="test_g1_examples_reference_only_tracked_repository_artifacts" time="0.002" /><testcase classname="tests.geometry_contract.test_contract_identity" name="test_container_ids_have_hand_checked_digests" time="0.001" /><testcase classname="tests.geometry_contract.test_contract_identity" name="test_snapshot_identity_ignores_collection_order_but_not_geometry_facts" time="0.002" /><testcase classname="tests.geometry_contract.test_contract_identity" name="test_display_only_metadata_does_not_change_snapshot_identity" time="0.002" /><testcase classname="tests.geometry_contract.test_g1_gate" name="test_g1_parallel_development_start_gate" time="0.112" /><testcase classname="tests.geometry_contract.test_negative_examples" name="test_consumer_negative_examples_remain_valid_geometry_snapshots[ambiguous_relation.json]" time="0.004" /><testcase classname="tests.geometry_contract.test_negative_examples" name="test_consumer_negative_examples_remain_valid_geometry_snapshots[unsupported_family.json]" time="0.007" /><testcase classname="tests.geometry_contract.test_negative_examples" name="test_consumer_negative_examples_remain_valid_geometry_snapshots[missing_semantic_binding.json]" time="0.005" /><testcase classname="tests.geometry_contract.test_negative_examples" name="test_unresolved_artifact_example_fails_at_reference_validation" time="0.004" /><testcase classname="tests.geometry_contract.test_schema_shape" name="test_minimum_root_snapshot_does_not_require_capability_fields" time="0.003" /><testcase classname="tests.geometry_contract.test_schema_shape" name="test_native_patch_family_accepts_only_its_parameters[PLANE]" time="0.006" /><testcase classname="tests.geometry_contract.test_schema_shape" name="test_native_patch_family_accepts_only_its_parameters[CYLINDER]" time="0.005" /><testcase classname="tests.geometry_contract.test_schema_shape" name="test_non_decided_slicer_decision_omits_selection_fields" time="0.002" /><testcase classname="tests.geometry_contract.test_schema_shape" name="test_invalid_snapshot_failure_may_omit_untrustworthy_references" time="0.001" /><testcase classname="tests.geometry_contract.test_schema_shape" name="test_valid_snapshot_outcomes_require_input_references[REJECTED]" time="0.002" /><testcase classname="tests.geometry_contract.test_schema_shape" name="test_valid_snapshot_outcomes_require_input_references[UNSUPPORTED]" time="0.001" /><testcase classname="tests.geometry_contract.test_semantic_validation" name="test_shared_step_artifact_with_distinct_occurrence_locators_is_valid" time="0.004" /><testcase classname="tests.geometry_contract.test_semantic_validation" name="test_unstable_face_or_object_locator_fails_closed[STEP_FACE-Face3]" time="0.004" /><testcase classname="tests.geometry_contract.test_semantic_validation" name="test_unstable_face_or_object_locator_fails_closed[CAD_OBJECT-Shape17]" time="0.004" /><testcase classname="tests.geometry_contract.test_semantic_validation" name="test_unstable_face_or_object_locator_fails_closed[STEP_FACE-3]" time="0.004" /><testcase classname="tests.geometry_contract.test_semantic_validation" name="test_unstable_face_or_object_locator_fails_closed[CAD_OBJECT-id(140707123456)]" time="0.004" /><testcase classname="tests.geometry_contract.test_semantic_validation" name="test_unstable_face_or_object_locator_fails_closed[CAD_OBJECT-runtime:0xABCDEF]" time="0.004" /><testcase classname="tests.geometry_contract.test_semantic_validation" name="test_provenance_backed_face_or_object_locator_is_valid[locator0]" time="0.004" /><testcase classname="tests.geometry_contract.test_semantic_validation" name="test_provenance_backed_face_or_object_locator_is_valid[locator1]" time="0.004" /><testcase classname="tests.geometry_contract.test_semantic_validation" name="test_unresolved_artifact_is_reported_without_geometry_inference" time="0.004" /><testcase classname="tests.geometry_contract.test_semantic_validation" name="test_confirmed_two_dimensional_relation_is_required_for_interface" time="0.007" /><testcase classname="tests.geometry_contract.test_semantic_validation" name="test_patch_component_membership_must_agree_in_both_directions" time="0.007" /><testcase classname="tests.geometry_contract.test_semantic_validation" name="test_duplicate_ids_and_placeholder_values_are_rejected" time="0.007" /><testcase classname="tests.geometry_contract.test_semantic_validation" name="test_wrong_declared_snapshot_identity_is_rejected" time="0.007" /><testcase classname="tests.contract_consumers.test_slicer_mock" name="test_e1_produces_schema_valid_planar_partition_decision" time="0.008" /><testcase classname="tests.contract_consumers.test_slicer_mock" name="test_negative_examples_fail_closed[ambiguous_relation.json-REJECTED-AMBIGUOUS_INTERFACE]" time="0.005" /><testcase classname="tests.contract_consumers.test_slicer_mock" name="test_negative_examples_fail_closed[unsupported_family.json-UNSUPPORTED-UNSUPPORTED_GEOMETRY_FAMILY]" time="0.006" /><testcase classname="tests.contract_consumers.test_slicer_mock" name="test_negative_examples_fail_closed[missing_semantic_binding.json-REJECTED-MISSING_SEMANTIC_BINDING]" time="0.006" /><testcase classname="tests.contract_consumers.test_slicer_mock" name="test_negative_examples_fail_closed[unresolved_artifact.json-FAILED-INVALID_SNAPSHOT]" time="0.005" /><testcase classname="tests.contract_consumers.test_slicer_mock" name="test_invalid_snapshot_without_trustworthy_references_omits_them" time="0.002" /><testcase classname="tests.contract_consumers.test_slicer_mock" name="test_invalid_snapshot_does_not_copy_malformed_references" time="0.001" /><testcase classname="tests.contract_consumers.test_slicer_mock" name="test_collection_reorder_produces_byte_identical_decision" time="0.017" /><testcase classname="tests.contract_consumers.test_slicer_mock" name="test_slicer_mock_does_not_import_geometry_runners_or_freecad" time="0.008" /><testcase classname="tests.contract_consumers.test_ui_mock" name="test_e0_view_lists_regions_interfaces_and_disjoint_relation" time="0.008" /><testcase classname="tests.contract_consumers.test_ui_mock" name="test_e2_view_keeps_two_components_and_omits_absent_boundaries" time="0.007" /><testcase classname="tests.contract_consumers.test_ui_mock" name="test_ambiguous_relation_is_visible_without_fabricated_interface" time="0.004" /><testcase classname="tests.contract_consumers.test_ui_mock" name="test_e1_view_links_artifacts_and_selected_decision" time="0.014" /><testcase classname="tests.contract_consumers.test_ui_mock" name="test_collection_reorder_produces_same_view_model" time="0.018" /><testcase classname="tests.contract_consumers.test_ui_mock" name="test_ui_mock_does_not_import_geometry_runners_or_freecad" time="0.009" /></testsuite></testsuites>