<?xml version="1.0" encoding="utf-8"?><testsuites name="pytest tests"><testsuite name="pytest" errors="0" failures="0" skipped="0" tests="58" time="32.113" timestamp="2026-09-10T17:41:49.367253+08:00" hostname="DESKTOP-05SBA87"><testcase classname="tests.test_cli" name="test_validate_command_prints_json_and_exits_zero" time="1.081" /><testcase classname="tests.test_cli" name="test_validate_command_exits_two_for_policy_failure" time="1.068" /><testcase classname="tests.test_cli" name="test_promote_command_succeeds_for_local_package_while_preservation_is_incomplete" time="1.091" /><testcase classname="tests.test_cli" name="test_malformed_json_does_not_echo_secret_or_traceback" time="0.813" /><testcase classname="tests.test_integrity" name="test_file_integrity_streams_known_sha256_and_size" time="0.003" /><testcase classname="tests.test_integrity" name="test_compare_bytes_reports_same_bytes" time="0.004" /><testcase classname="tests.test_integrity" name="test_compare_bytes_reports_different_bytes_without_geometry_status" time="0.005" /><testcase classname="tests.test_integrity" name="test_copy_and_verify_records_exact_source_and_destination" time="0.007" /><testcase classname="tests.test_integrity" name="test_copy_and_verify_refuses_to_overwrite_existing_evidence" time="0.004" /><testcase classname="tests.test_policy" name="test_valid_request_passes_every_all_local_policy_checks" time="0.730" /><testcase classname="tests.test_policy" name="test_manifest_and_provenance_defects_fail_closed[missing_implementation_commit-SCHEMA_INVALID]" time="0.484" /><testcase classname="tests.test_policy" name="test_manifest_and_provenance_defects_fail_closed[nonexistent_implementation_commit-GIT_COMMIT_NOT_FOUND]" time="0.601" /><testcase classname="tests.test_policy" name="test_manifest_and_provenance_defects_fail_closed[invalid_run_id-SCHEMA_INVALID]" time="0.506" /><testcase classname="tests.test_policy" name="test_manifest_and_provenance_defects_fail_closed[missing_tolerance_unit-SCHEMA_INVALID]" time="0.516" /><testcase classname="tests.test_policy" name="test_manifest_and_provenance_defects_fail_closed[missing_result_evidence-EVIDENCE_REFERENCE_MISSING]" time="0.721" /><testcase classname="tests.test_policy" name="test_non_ancestor_parent_is_rejected" time="0.891" /><testcase classname="tests.test_policy" name="test_schema_failure_marks_dependent_checks_not_run" time="0.502" /><testcase classname="tests.test_policy" name="test_allowlist_and_path_defects_fail_closed[missing-ALLOWLIST_SOURCE_MISSING]" time="0.712" /><testcase classname="tests.test_policy" name="test_allowlist_and_path_defects_fail_closed[traversal-PATH_ESCAPE]" time="0.767" /><testcase classname="tests.test_policy" name="test_allowlist_and_path_defects_fail_closed[absolute_source-PATH_ESCAPE]" time="0.766" /><testcase classname="tests.test_policy" name="test_allowlist_and_path_defects_fail_closed[absolute_public-PUBLIC_PATH_INVALID]" time="0.717" /><testcase classname="tests.test_policy" name="test_allowlist_and_path_defects_fail_closed[outside_staging-STAGING_ROOT_INVALID]" time="0.716" /><testcase classname="tests.test_policy" name="test_allowlist_and_path_defects_fail_closed[directory-BROAD_SELECTION]" time="0.716" /><testcase classname="tests.test_policy" name="test_allowlist_and_path_defects_fail_closed[duplicate_public-PUBLIC_PATH_INVALID]" time="0.731" /><testcase classname="tests.test_policy" name="test_allowlist_and_path_defects_fail_closed[reserved_public-PUBLIC_PATH_INVALID]" time="0.731" /><testcase classname="tests.test_policy" name="test_symlink_escape_is_rejected_when_host_supports_symlinks" time="0.775" /><testcase classname="tests.test_policy" name="test_sensitive_public_content_is_rejected[windows-home-path]" time="0.733" /><testcase classname="tests.test_policy" name="test_sensitive_public_content_is_rejected[linux-home-path]" time="0.724" /><testcase classname="tests.test_policy" name="test_sensitive_public_content_is_rejected[codex-private-path]" time="0.722" /><testcase classname="tests.test_policy" name="test_sensitive_public_content_is_rejected[private-key-header]" time="1.140" /><testcase classname="tests.test_policy" name="test_sensitive_public_content_is_rejected[github-token]" time="0.705" /><testcase classname="tests.test_policy" name="test_sensitive_public_content_is_rejected[password-assignment]" time="0.708" /><testcase classname="tests.test_policy" name="test_ordinary_sha256_integrity_value_is_public_safe" time="0.707" /><testcase classname="tests.test_policy" name="test_sha_geometry_predicate_is_rejected" time="0.730" /><testcase classname="tests.test_policy" name="test_byte_difference_does_not_set_geometry_failure" time="0.736" /><testcase classname="tests.test_policy" name="test_all_declared_failure_categories_are_retained" time="0.767" /><testcase classname="tests.test_policy" name="test_dropped_or_misclassified_failure_evidence_is_rejected[failure_artifact_ids]" time="0.738" /><testcase classname="tests.test_policy" name="test_dropped_or_misclassified_failure_evidence_is_rejected[mismatch_artifact_ids]" time="0.717" /><testcase classname="tests.test_policy" name="test_dropped_or_misclassified_failure_evidence_is_rejected[rejection_artifact_ids]" time="0.743" /><testcase classname="tests.test_policy" name="test_dropped_or_misclassified_failure_evidence_is_rejected[reviewer_finding_artifact_ids]" time="0.732" /><testcase classname="tests.test_promotion" name="test_local_package_can_succeed_without_full_preservation" time="0.757" /><testcase classname="tests.test_promotion" name="test_generated_manifest_is_schema_valid_and_keeps_results_separate" time="0.743" /><testcase classname="tests.test_promotion" name="test_copy_inventory_recounts_each_allowlisted_file" time="0.766" /><testcase classname="tests.test_promotion" name="test_second_promotion_refuses_overwrite_without_changing_package" time="0.975" /><testcase classname="tests.test_promotion" name="test_missing_allowlisted_file_installs_no_package" time="0.708" /><testcase classname="tests.test_promotion" name="test_copy_corruption_retains_failure_report_and_source_evidence" time="0.729" /><testcase classname="tests.test_schema_contracts" name="test_historical_manifests_remain_valid" time="0.249" /><testcase classname="tests.test_schema_contracts" name="test_valid_mvp_request_requires_unproven_geometry" time="0.072" /><testcase classname="tests.test_schema_contracts" name="test_valid_generated_manifest_keeps_package_preservation_and_publication_separate" time="0.086" /><testcase classname="tests.test_schema_contracts" name="test_manifest_allows_byte_difference_without_geometry_claim" time="0.076" /><testcase classname="tests.test_schema_contracts" name="test_request_schema_rejects_incomplete_or_claiming_input[missing_implementation_commit]" time="0.069" /><testcase classname="tests.test_schema_contracts" name="test_request_schema_rejects_incomplete_or_claiming_input[invalid_run_id]" time="0.074" /><testcase classname="tests.test_schema_contracts" name="test_request_schema_rejects_incomplete_or_claiming_input[missing_tolerance_unit]" time="0.069" /><testcase classname="tests.test_schema_contracts" name="test_request_schema_rejects_incomplete_or_claiming_input[unknown_property]" time="0.070" /><testcase classname="tests.test_schema_contracts" name="test_request_schema_rejects_incomplete_or_claiming_input[geometry_pass]" time="0.068" /><testcase classname="tests.test_schema_contracts" name="test_request_schema_rejects_incomplete_or_claiming_input[geometry_evidence]" time="0.068" /><testcase classname="tests.test_schema_contracts" name="test_request_schema_rejects_incomplete_or_claiming_input[collapsed_result_status]" time="0.068" /><testcase classname="tests.test_schema_contracts" name="test_deterministic_json_writer_sorts_keys_and_terminates_line" time="0.004" /></testsuite></testsuites>