<?xml version="1.0" encoding="utf-8"?><testsuites name="pytest tests"><testsuite name="pytest" errors="0" failures="3" skipped="0" tests="24" time="4.065" timestamp="2026-09-12T09:21:47.232315+08:00" hostname="DESKTOP-05SBA87"><testcase classname="tests.viewer.test_render" name="test_document_contains_exact_model_and_only_self_contained_resources[planar_full-geometry]" time="0.022" /><testcase classname="tests.viewer.test_render" name="test_document_contains_exact_model_and_only_self_contained_resources[planar_partial-geometry]" time="0.019" /><testcase classname="tests.viewer.test_render" name="test_document_contains_exact_model_and_only_self_contained_resources[planar_multipatch-geometry]" time="0.017" /><testcase classname="tests.viewer.test_render" name="test_document_contains_exact_model_and_only_self_contained_resources[ambiguous_relation-negative]" time="0.011" /><testcase classname="tests.viewer.test_render" name="test_document_contains_exact_model_and_only_self_contained_resources[unresolved_artifact-negative]" time="0.011" /><testcase classname="tests.viewer.test_render" name="test_html_is_deterministic_without_mutating_model_or_adding_local_paths" time="0.020" /><testcase classname="tests.viewer.test_render" name="test_hostile_payload_stays_json_data_not_executable_script" time="0.019" /><testcase classname="tests.viewer.test_render" name="test_browser_pages_have_identity_banner_and_no_runtime_or_network_errors[full]" time="3.340" /><testcase classname="tests.viewer.test_render" name="test_browser_pages_have_identity_banner_and_no_runtime_or_network_errors[partial]" time="0.001" /><testcase classname="tests.viewer.test_render" name="test_browser_pages_have_identity_banner_and_no_runtime_or_network_errors[multi]" time="0.001" /><testcase classname="tests.viewer.test_render" name="test_browser_pages_have_identity_banner_and_no_runtime_or_network_errors[ambiguous]" time="0.001" /><testcase classname="tests.viewer.test_render" name="test_browser_pages_have_identity_banner_and_no_runtime_or_network_errors[invalid]" time="0.001" /><testcase classname="tests.viewer.test_render" name="test_browser_pages_have_identity_banner_and_no_runtime_or_network_errors[unavailable]" time="0.001" /><testcase classname="tests.viewer.test_render" name="test_browser_pages_have_identity_banner_and_no_runtime_or_network_errors[no_decision]" time="0.001" /><testcase classname="tests.viewer.test_render" name="test_browser_pages_have_identity_banner_and_no_runtime_or_network_errors[hostile]" time="0.001" /><testcase classname="tests.viewer.test_render" name="test_full_page_separates_taxonomy_and_confirmation" time="0.001" /><testcase classname="tests.viewer.test_render" name="test_partial_page_shows_three_distinct_partitions_and_decision_selection" time="0.001"><failure message="AssertionError: assert 18 == 3&#10; +  where 18 = len(['REMAINING320 mm2partition:v0.1:27f32a0dbe49477c236caaed6f9adf6907a34de3553a3e6c478b8ad2118b0421artifact_refartifact:...chemeSTEP_FACEvalueface:v1:e1-side-2', 'provenance_refprovenance:e1', 'schemeSTEP_FACE', 'valueface:v1:e1-side-2', ...])">tests\viewer\test_render.py:207: in test_partial_page_shows_three_distinct_partitions_and_decision_selection
    assert len(result["partitionRows"]) == 3
E   AssertionError: assert 18 == 3
E    +  where 18 = len(['REMAINING320 mm2partition:v0.1:27f32a0dbe49477c236caaed6f9adf6907a34de3553a3e6c478b8ad2118b0421artifact_refartifact:...chemeSTEP_FACEvalueface:v1:e1-side-2', 'provenance_refprovenance:e1', 'schemeSTEP_FACE', 'valueface:v1:e1-side-2', ...])</failure></testcase><testcase classname="tests.viewer.test_render" name="test_multipatch_preserves_separate_entities_absence_and_invalid_decision" time="0.001" /><testcase classname="tests.viewer.test_render" name="test_ambiguous_relation_is_visible_without_interface" time="0.001" /><testcase classname="tests.viewer.test_render" name="test_invalid_snapshot_has_diagnostics_without_authoritative_navigation[invalid-UNRESOLVED_ARTIFACT]" time="0.001" /><testcase classname="tests.viewer.test_render" name="test_invalid_snapshot_has_diagnostics_without_authoritative_navigation[unavailable-VALIDATION_UNAVAILABLE]" time="0.001" /><testcase classname="tests.viewer.test_render" name="test_cross_references_navigate_both_directions" time="0.011"><failure message="AssertionError: assert 'Referenced by' in ''">tests\viewer\test_render.py:241: in test_cross_references_navigate_both_directions
    assert "Referenced by" in full["regionDetail"]
E   AssertionError: assert 'Referenced by' in ''</failure></testcase><testcase classname="tests.viewer.test_render" name="test_hostile_strings_render_as_text_and_saved_resolved_status_creates_no_link" time="0.001"><failure message="AssertionError: assert '&lt;/script&gt;&lt;script&gt;alert(1)&lt;/script&gt;' in ''">tests\viewer\test_render.py:251: in test_hostile_strings_render_as_text_and_saved_resolved_status_creates_no_link
    assert "&lt;/script&gt;&lt;script&gt;alert(1)&lt;/script&gt;" in hostile["detail"]
E   AssertionError: assert '&lt;/script&gt;&lt;script&gt;alert(1)&lt;/script&gt;' in ''</failure></testcase><testcase classname="tests.viewer.test_render" name="test_optional_decision_can_be_absent" time="0.001" /></testsuite></testsuites>