<?xml version='1.0' encoding='utf-8'?>
<testsuites name="pytest tests"><testsuite name="pytest" errors="0" failures="0" skipped="0" tests="5" time="24.474" timestamp="2026-09-11T10:37:00.548283+08:00" hostname="LOCAL_HOST"><testcase classname="tests.test_cad_demo" name="test_case_a_demo_is_ui_only_change" time="5.682" /><testcase classname="tests.test_cad_demo" name="test_case_b_demo_is_real_geometry_change" time="5.531" /><testcase classname="tests.test_cad_demo" name="test_serialization_reopen_keeps_geometry" time="6.112" /><testcase classname="tests.test_cad_demo" name="test_case_b_not_marked_by_hash" time="5.940" /><testcase classname="tests.test_cad_demo" name="test_cad_worker_reports_runtime_versions" time="1.014" /></testsuite></testsuites>