<?xml version='1.0' encoding='utf-8'?>
<testsuites name="pytest tests"><testsuite name="pytest" errors="0" failures="0" skipped="0" tests="125" time="142.988" timestamp="2026-09-11T10:37:35.553951+08:00" hostname="LOCAL_HOST"><testcase classname="tests.test_cad_evidence" name="test_byte_identity_identical" time="0.001" /><testcase classname="tests.test_cad_evidence" name="test_byte_identity_different" time="0.001" /><testcase classname="tests.test_cad_evidence" name="test_semantic_equivalence_supports_current_fixture_roles" time="0.001" /><testcase classname="tests.test_cad_evidence" name="test_semantic_equivalence_not_proven_for_unsupported_roles" time="0.001" /><testcase classname="tests.test_cad_evidence" name="test_semantic_equivalence_not_proven_for_non_identity_transform" time="0.001" /><testcase classname="tests.test_cad_evidence" name="test_ui_state_same_and_different" time="0.001" /><testcase classname="tests.test_cad_evidence" name="test_ui_state_not_proven_when_missing_fields" time="0.001" /><testcase classname="tests.test_cad_evidence" name="test_tolerance_helper_inside_boundary_and_outside" time="0.001" /><testcase classname="tests.test_cad_demo" name="test_case_a_demo_is_ui_only_change" time="12.134" /><testcase classname="tests.test_cad_demo" name="test_case_b_demo_is_real_geometry_change" time="8.971" /><testcase classname="tests.test_cad_demo" name="test_serialization_reopen_keeps_geometry" time="8.989" /><testcase classname="tests.test_cad_demo" name="test_case_b_not_marked_by_hash" time="11.179" /><testcase classname="tests.test_cad_demo" name="test_cad_worker_reports_runtime_versions" time="1.824" /><testcase classname="tests.test_cad_evidence_schema" name="test_cad_evidence_schema_accepts_expected_structure" time="0.009" /><testcase classname="tests.test_cad_evidence_schema" name="test_cad_evidence_schema_rejects_missing_measurement_unit" time="0.003" /><testcase classname="tests.test_cad_evidence_schema" name="test_cad_evidence_schema_supports_unknown_and_not_proven_states" time="0.007" /><testcase classname="tests.test_cad_evidence_schema" name="test_cad_evidence_schema_rejects_sha_as_geometry_predicate" time="0.003" /><testcase classname="tests.test_cad_evidence_schema" name="test_cad_evidence_schema_accepts_policy_consumed_artifact_envelopes" time="1.112" /><testcase classname="tests.test_cad_evidence_schema" name="test_cad_evidence_schema_rejects_bare_string_version" time="0.002" /><testcase classname="tests.test_cad_evidence_schema" name="test_cad_evidence_schema_rejects_untyped_comparison_decisions[checks-invalid_value0]" time="1.008" /><testcase classname="tests.test_cad_evidence_schema" name="test_cad_evidence_schema_rejects_untyped_comparison_decisions[reasons-invalid_value1]" time="0.995" /><testcase classname="tests.test_cad_evidence_schema" name="test_cad_evidence_schema_rejects_wrong_comparison_measurement_unit" time="0.985" /><testcase classname="tests.test_cad_evidence_schema" name="test_geometry_snapshot_schema_accepts_declared_fixture_identity" time="0.948" /><testcase classname="tests.test_cad_evidence_schema" name="test_geometry_snapshot_schema_rejects_wrong_dimension_unit[area-percent]" time="0.915" /><testcase classname="tests.test_cad_evidence_schema" name="test_geometry_snapshot_schema_rejects_wrong_dimension_unit[volume-mm]" time="0.835" /><testcase classname="tests.test_cad_evidence_schema" name="test_geometry_snapshot_schema_rejects_wrong_dimension_unit[bounding_box.x_min-mm3]" time="0.918" /><testcase classname="tests.test_promotion" name="test_local_package_can_succeed_without_full_preservation" time="1.438" /><testcase classname="tests.test_promotion" name="test_generated_manifest_is_schema_valid_and_keeps_results_separate" time="1.575" /><testcase classname="tests.test_promotion" name="test_copy_inventory_recounts_each_allowlisted_file" time="1.373" /><testcase classname="tests.test_promotion" name="test_second_promotion_refuses_overwrite_without_changing_package" time="1.820" /><testcase classname="tests.test_promotion" name="test_missing_allowlisted_file_installs_no_package" time="1.410" /><testcase classname="tests.test_promotion" name="test_copy_corruption_retains_failure_report_and_source_evidence" time="1.452" /><testcase classname="tests.test_promotion" name="test_promotes_case_a_and_case_b_without_collapsing_results" time="1.598" /><testcase classname="tests.test_promotion" name="test_second_cad_promotion_refuses_overwrite" time="1.953" /><testcase classname="tests.test_promotion" name="test_missing_cad_snapshot_installs_no_package" time="1.445" /><testcase classname="tests.test_schema_contracts" name="test_stable_evidence_disables_git_line_ending_conversion" time="0.082" /><testcase classname="tests.test_schema_contracts" name="test_historical_manifests_remain_valid" time="0.542" /><testcase classname="tests.test_schema_contracts" name="test_valid_mvp_request_allows_unproven_geometry" time="0.142" /><testcase classname="tests.test_schema_contracts" name="test_valid_generated_manifest_keeps_package_preservation_and_publication_separate" time="0.152" /><testcase classname="tests.test_schema_contracts" name="test_request_schema_accepts_snapshot_and_cad_artifact_kinds" time="0.182" /><testcase classname="tests.test_schema_contracts" name="test_manifest_allows_byte_difference_without_geometry_claim" time="0.157" /><testcase classname="tests.test_schema_contracts" name="test_request_allows_proven_cad_results_only_with_evidence" time="1.055" /><testcase classname="tests.test_schema_contracts" name="test_historical_manifests_still_validate_after_cad_extension" time="0.536" /><testcase classname="tests.test_schema_contracts" name="test_existing_p2_mvp_manifests_remain_valid" time="0.124" /><testcase classname="tests.test_schema_contracts" name="test_request_schema_rejects_incomplete_or_claiming_input[missing_implementation_commit]" time="0.169" /><testcase classname="tests.test_schema_contracts" name="test_request_schema_rejects_incomplete_or_claiming_input[invalid_run_id]" time="0.191" /><testcase classname="tests.test_schema_contracts" name="test_request_schema_rejects_incomplete_or_claiming_input[missing_tolerance_unit]" time="0.171" /><testcase classname="tests.test_schema_contracts" name="test_request_schema_rejects_incomplete_or_claiming_input[unknown_property]" time="0.169" /><testcase classname="tests.test_schema_contracts" name="test_request_schema_rejects_incomplete_or_claiming_input[geometry_pass_without_evidence]" time="0.144" /><testcase classname="tests.test_schema_contracts" name="test_request_schema_rejects_incomplete_or_claiming_input[geometry_evidence]" time="0.152" /><testcase classname="tests.test_schema_contracts" name="test_request_schema_rejects_incomplete_or_claiming_input[collapsed_result_status]" time="0.150" /><testcase classname="tests.test_schema_contracts" name="test_deterministic_json_writer_sorts_keys_and_terminates_line" time="0.007" /><testcase classname="tests.test_policy" name="test_portable_path_parser_rejects_windows_and_posix_escape_forms[windows-drive-forward-slash]" time="0.001" /><testcase classname="tests.test_policy" name="test_portable_path_parser_rejects_windows_and_posix_escape_forms[windows-drive-backslash]" time="0.001" /><testcase classname="tests.test_policy" name="test_portable_path_parser_rejects_windows_and_posix_escape_forms[posix-absolute]" time="0.002" /><testcase classname="tests.test_policy" name="test_portable_path_parser_rejects_windows_and_posix_escape_forms[posix-traversal]" time="0.001" /><testcase classname="tests.test_policy" name="test_portable_path_parser_rejects_windows_and_posix_escape_forms[backslash-traversal]" time="0.001" /><testcase classname="tests.test_policy" name="test_portable_path_parser_normalizes_safe_separators" time="0.001" /><testcase classname="tests.test_policy" name="test_valid_request_passes_every_all_local_policy_checks" time="1.307" /><testcase classname="tests.test_policy" name="test_manifest_and_provenance_defects_fail_closed[missing_implementation_commit-SCHEMA_INVALID]" time="0.929" /><testcase classname="tests.test_policy" name="test_manifest_and_provenance_defects_fail_closed[nonexistent_implementation_commit-GIT_COMMIT_NOT_FOUND]" time="1.048" /><testcase classname="tests.test_policy" name="test_manifest_and_provenance_defects_fail_closed[invalid_run_id-SCHEMA_INVALID]" time="0.912" /><testcase classname="tests.test_policy" name="test_manifest_and_provenance_defects_fail_closed[missing_tolerance_unit-SCHEMA_INVALID]" time="0.907" /><testcase classname="tests.test_policy" name="test_manifest_and_provenance_defects_fail_closed[missing_result_evidence-EVIDENCE_REFERENCE_MISSING]" time="1.532" /><testcase classname="tests.test_policy" name="test_non_ancestor_parent_is_rejected" time="1.833" /><testcase classname="tests.test_policy" name="test_schema_failure_marks_dependent_checks_not_run" time="1.014" /><testcase classname="tests.test_policy" name="test_invalid_execution_timestamp_fails_schema_policy" time="0.894" /><testcase classname="tests.test_policy" name="test_allowlist_and_path_defects_fail_closed[missing-ALLOWLIST_SOURCE_MISSING]" time="1.343" /><testcase classname="tests.test_policy" name="test_allowlist_and_path_defects_fail_closed[traversal-PATH_ESCAPE]" time="1.266" /><testcase classname="tests.test_policy" name="test_allowlist_and_path_defects_fail_closed[absolute_source-PATH_ESCAPE]" time="1.295" /><testcase classname="tests.test_policy" name="test_allowlist_and_path_defects_fail_closed[absolute_public-PUBLIC_PATH_INVALID]" time="1.394" /><testcase classname="tests.test_policy" name="test_allowlist_and_path_defects_fail_closed[outside_staging-STAGING_ROOT_INVALID]" time="1.336" /><testcase classname="tests.test_policy" name="test_allowlist_and_path_defects_fail_closed[directory-BROAD_SELECTION]" time="1.460" /><testcase classname="tests.test_policy" name="test_allowlist_and_path_defects_fail_closed[duplicate_public-PUBLIC_PATH_INVALID]" time="1.391" /><testcase classname="tests.test_policy" name="test_allowlist_and_path_defects_fail_closed[reserved_public-PUBLIC_PATH_INVALID]" time="1.579" /><testcase classname="tests.test_policy" name="test_symlink_escape_is_rejected_when_host_supports_symlinks" time="1.454" /><testcase classname="tests.test_policy" name="test_sensitive_public_content_is_rejected[windows-home-path]" time="1.420" /><testcase classname="tests.test_policy" name="test_sensitive_public_content_is_rejected[linux-home-path]" time="1.322" /><testcase classname="tests.test_policy" name="test_sensitive_public_content_is_rejected[codex-private-path]" time="1.303" /><testcase classname="tests.test_policy" name="test_sensitive_public_content_is_rejected[private-key-header]" time="1.377" /><testcase classname="tests.test_policy" name="test_sensitive_public_content_is_rejected[github-token]" time="1.353" /><testcase classname="tests.test_policy" name="test_sensitive_public_content_is_rejected[password-assignment]" time="1.556" /><testcase classname="tests.test_policy" name="test_ordinary_sha256_integrity_value_is_public_safe" time="1.713" /><testcase classname="tests.test_policy" name="test_result_evidence_must_match_result_domain" time="1.469" /><testcase classname="tests.test_policy" name="test_result_evidence_domain_overlap_is_rejected" time="1.329" /><testcase classname="tests.test_policy" name="test_sha_geometry_predicate_is_rejected" time="1.467" /><testcase classname="tests.test_policy" name="test_byte_difference_does_not_set_geometry_failure" time="1.374" /><testcase classname="tests.test_policy" name="test_valid_case_a_cad_evidence_passes_policy" time="1.542" /><testcase classname="tests.test_policy" name="test_unbacked_cad_claims_fail_closed[missing_comparison-CAD_EVIDENCE_REFERENCE_MISSING]" time="1.438" /><testcase classname="tests.test_policy" name="test_unbacked_cad_claims_fail_closed[malformed_snapshot-CAD_EVIDENCE_SCHEMA_INVALID]" time="1.314" /><testcase classname="tests.test_policy" name="test_unbacked_cad_claims_fail_closed[result_mismatch-CAD_RESULT_MISMATCH]" time="1.374" /><testcase classname="tests.test_policy" name="test_unbacked_cad_claims_fail_closed[sha_method-SHA_GEOMETRY_MISUSE]" time="1.724" /><testcase classname="tests.test_policy" name="test_unreferenced_specialized_cad_artifact_is_still_schema_validated" time="1.365" /><testcase classname="tests.test_policy" name="test_specialized_cad_artifact_is_validated_without_any_proven_result" time="1.305" /><testcase classname="tests.test_policy" name="test_specialized_cad_kind_must_match_artifact_discriminator" time="1.489" /><testcase classname="tests.test_policy" name="test_geometry_comparison_decision_must_follow_measurements_and_tolerances[false_check_omitted]" time="1.788" /><testcase classname="tests.test_policy" name="test_geometry_comparison_decision_must_follow_measurements_and_tolerances[status_contradicts_measurements]" time="1.477" /><testcase classname="tests.test_policy" name="test_geometry_comparison_decision_must_follow_measurements_and_tolerances[tolerance_mismatch]" time="1.465" /><testcase classname="tests.test_policy" name="test_proven_geometry_comparison_requires_available_measurements_and_method[unavailable_measurement]" time="1.369" /><testcase classname="tests.test_policy" name="test_proven_geometry_comparison_requires_available_measurements_and_method[unevaluated_method]" time="1.320" /><testcase classname="tests.test_policy" name="test_all_declared_failure_categories_are_retained" time="1.354" /><testcase classname="tests.test_policy" name="test_dropped_or_misclassified_failure_evidence_is_rejected[failure_artifact_ids]" time="1.344" /><testcase classname="tests.test_policy" name="test_dropped_or_misclassified_failure_evidence_is_rejected[mismatch_artifact_ids]" time="1.306" /><testcase classname="tests.test_policy" name="test_dropped_or_misclassified_failure_evidence_is_rejected[rejection_artifact_ids]" time="1.298" /><testcase classname="tests.test_policy" name="test_dropped_or_misclassified_failure_evidence_is_rejected[reviewer_finding_artifact_ids]" time="1.358" /><testcase classname="tests.test_cli" name="test_validate_command_prints_json_and_exits_zero" time="1.843" /><testcase classname="tests.test_cli" name="test_validate_command_exits_two_for_policy_failure" time="1.920" /><testcase classname="tests.test_cli" name="test_promote_command_succeeds_for_local_package_while_preservation_is_incomplete" time="1.912" /><testcase classname="tests.test_cli" name="test_malformed_json_does_not_echo_secret_or_traceback" time="1.615" /><testcase classname="tests.test_cli" name="test_cli_exposes_only_validate_promote_and_demo" time="0.634" /><testcase classname="tests.test_cli" name="test_demo_rejects_output_outside_staging" time="1.261" /><testcase classname="tests.test_integrity" name="test_file_integrity_streams_known_sha256_and_size" time="0.007" /><testcase classname="tests.test_integrity" name="test_compare_bytes_reports_same_bytes" time="0.008" /><testcase classname="tests.test_integrity" name="test_compare_bytes_reports_different_bytes_without_geometry_status" time="0.011" /><testcase classname="tests.test_integrity" name="test_copy_and_verify_records_exact_source_and_destination" time="0.064" /><testcase classname="tests.test_integrity" name="test_copy_and_verify_refuses_to_overwrite_existing_evidence" time="0.014" /><testcase classname="tests.test_p2_final_evidence_generator" name="test_junit_input_must_be_complete_and_green[counts0]" time="0.007" /><testcase classname="tests.test_p2_final_evidence_generator" name="test_junit_input_must_be_complete_and_green[counts1]" time="0.008" /><testcase classname="tests.test_p2_final_evidence_generator" name="test_junit_input_must_be_complete_and_green[counts2]" time="0.007" /><testcase classname="tests.test_p2_final_evidence_generator" name="test_junit_input_must_be_complete_and_green[counts3]" time="0.009" /><testcase classname="tests.test_p2_final_evidence_generator" name="test_junit_hostname_is_sanitized_and_counts_are_derived" time="0.010" /><testcase classname="tests.test_p2_final_evidence_generator" name="test_scientific_pass_requires_all_case_a_case_b_and_reopen_conditions[GEOMETRY_DIFFERENT-SEMANTIC_EQUIVALENT-UI_DIFFERENT-GEOMETRY_DIFFERENT-GEOMETRY_EQUIVALENT]" time="0.002" /><testcase classname="tests.test_p2_final_evidence_generator" name="test_scientific_pass_requires_all_case_a_case_b_and_reopen_conditions[GEOMETRY_EQUIVALENT-SEMANTIC_DIFFERENT-UI_DIFFERENT-GEOMETRY_DIFFERENT-GEOMETRY_EQUIVALENT]" time="0.001" /><testcase classname="tests.test_p2_final_evidence_generator" name="test_scientific_pass_requires_all_case_a_case_b_and_reopen_conditions[GEOMETRY_EQUIVALENT-SEMANTIC_EQUIVALENT-UI_SAME-GEOMETRY_DIFFERENT-GEOMETRY_EQUIVALENT]" time="0.001" /><testcase classname="tests.test_p2_final_evidence_generator" name="test_scientific_pass_is_derived_from_all_required_conditions" time="0.001" /></testsuite></testsuites>