<?xml version='1.0' encoding='utf-8'?>
<testsuites name="pytest tests"><testsuite name="pytest" errors="0" failures="0" skipped="0" tests="429" time="1743.784" timestamp="2026-09-11T10:40:11.909307+08:00" hostname="LOCAL_HOST"><testcase classname="tests.test_cad_demo" name="test_case_a_demo_is_ui_only_change" time="9.894" /><testcase classname="tests.test_cad_demo" name="test_case_b_demo_is_real_geometry_change" time="9.268" /><testcase classname="tests.test_cad_demo" name="test_serialization_reopen_keeps_geometry" time="10.492" /><testcase classname="tests.test_cad_demo" name="test_case_b_not_marked_by_hash" time="11.159" /><testcase classname="tests.test_cad_demo" name="test_cad_worker_reports_runtime_versions" time="2.122" /><testcase classname="tests.test_cad_evidence" name="test_byte_identity_identical" time="0.001" /><testcase classname="tests.test_cad_evidence" name="test_byte_identity_different" time="0.001" /><testcase classname="tests.test_cad_evidence" name="test_semantic_equivalence_supports_current_fixture_roles" time="0.001" /><testcase classname="tests.test_cad_evidence" name="test_semantic_equivalence_not_proven_for_unsupported_roles" time="0.001" /><testcase classname="tests.test_cad_evidence" name="test_semantic_equivalence_not_proven_for_non_identity_transform" time="0.002" /><testcase classname="tests.test_cad_evidence" name="test_ui_state_same_and_different" time="0.002" /><testcase classname="tests.test_cad_evidence" name="test_ui_state_not_proven_when_missing_fields" time="0.002" /><testcase classname="tests.test_cad_evidence" name="test_tolerance_helper_inside_boundary_and_outside" time="0.001" /><testcase classname="tests.test_cad_evidence_schema" name="test_cad_evidence_schema_accepts_expected_structure" time="0.006" /><testcase classname="tests.test_cad_evidence_schema" name="test_cad_evidence_schema_rejects_missing_measurement_unit" time="0.004" /><testcase classname="tests.test_cad_evidence_schema" name="test_cad_evidence_schema_supports_unknown_and_not_proven_states" time="0.003" /><testcase classname="tests.test_cad_evidence_schema" name="test_cad_evidence_schema_rejects_sha_as_geometry_predicate" time="0.002" /><testcase classname="tests.test_cad_evidence_schema" name="test_cad_evidence_schema_accepts_policy_consumed_artifact_envelopes" time="1.145" /><testcase classname="tests.test_cad_evidence_schema" name="test_cad_evidence_schema_rejects_bare_string_version" time="0.002" /><testcase classname="tests.test_cad_evidence_schema" name="test_cad_evidence_schema_rejects_untyped_comparison_decisions[checks-invalid_value0]" time="1.045" /><testcase classname="tests.test_cad_evidence_schema" name="test_cad_evidence_schema_rejects_untyped_comparison_decisions[reasons-invalid_value1]" time="1.156" /><testcase classname="tests.test_cad_evidence_schema" name="test_cad_evidence_schema_rejects_wrong_comparison_measurement_unit" time="1.211" /><testcase classname="tests.test_cad_evidence_schema" name="test_geometry_snapshot_schema_accepts_declared_fixture_identity" time="1.101" /><testcase classname="tests.test_cad_evidence_schema" name="test_geometry_snapshot_schema_rejects_wrong_dimension_unit[area-percent]" time="0.990" /><testcase classname="tests.test_cad_evidence_schema" name="test_geometry_snapshot_schema_rejects_wrong_dimension_unit[volume-mm]" time="1.089" /><testcase classname="tests.test_cad_evidence_schema" name="test_geometry_snapshot_schema_rejects_wrong_dimension_unit[bounding_box.x_min-mm3]" time="1.109" /><testcase classname="tests.test_case01" name="test_expected_truth_mutations_cannot_change_frozen_geometry[relation]" time="7.745" /><testcase classname="tests.test_case01" name="test_expected_truth_mutations_cannot_change_frozen_geometry[area]" time="6.713" /><testcase classname="tests.test_case01" name="test_expected_truth_mutations_cannot_change_frozen_geometry[region_order]" time="6.251" /><testcase classname="tests.test_case01" name="test_expected_truth_mutations_cannot_change_frozen_geometry[region_label]" time="6.289" /><testcase classname="tests.test_case01" name="test_semantic_input_can_change_boundaries_without_changing_geometry" time="6.513" /><testcase classname="tests.test_case01" name="test_geometry_evidence_is_published_before_missing_expected_fails_validation" time="4.257" /><testcase classname="tests.test_case01" name="test_geometry_evidence_is_published_before_invalid_expected_fails_validation" time="3.947" /><testcase classname="tests.test_case01" name="test_case01_reimports_step_into_exactly_three_solid_regions" time="3.993" /><testcase classname="tests.test_case01" name="test_case01_has_two_full_face_overlaps_and_one_disjoint_relation" time="3.784" /><testcase classname="tests.test_case01" name="test_case01_patches_have_400_square_mm_and_two_sided_provenance" time="3.954" /><testcase classname="tests.test_case01" name="test_case01_validates_actual_against_expected_truth" time="3.749" /><testcase classname="tests.test_case01" name="test_case01_validator_fails_closed_for_wrong_expected_truth[relation_type-FACE_CONTACT]" time="4.151" /><testcase classname="tests.test_case01" name="test_case01_validator_fails_closed_for_wrong_expected_truth[area_mm2-399.0]" time="3.835" /><testcase classname="tests.test_case01" name="test_case01_validator_rejects_unexpected_relation_and_patch" time="4.022" /><testcase classname="tests.test_case01" name="test_case01_validator_rejects_duplicate_relation_pair" time="4.047" /><testcase classname="tests.test_case01" name="test_case01_validator_rejects_stale_expected_truth_digest" time="3.810" /><testcase classname="tests.test_case01" name="test_case01_constructs_two_semantic_source_boundaries_and_digest" time="3.964" /><testcase classname="tests.test_case01" name="test_region_ids_distinguish_identical_geometry_at_different_occurrences" time="0.002" /><testcase classname="tests.test_case01" name="test_case01_ids_relations_and_provenance_are_repeatable_across_processes" time="6.106" /><testcase classname="tests.test_case01" name="test_repeatability_rejects_patch_and_provenance_mutations[coverage_a-coverage_a]" time="4.164" /><testcase classname="tests.test_case01" name="test_repeatability_rejects_patch_and_provenance_mutations[coverage_b-coverage_b]" time="3.879" /><testcase classname="tests.test_case01" name="test_repeatability_rejects_patch_and_provenance_mutations[provenance_id-provenance_id]" time="3.815" /><testcase classname="tests.test_case01" name="test_repeatability_rejects_patch_and_provenance_mutations[provenance_input-provenance_input_entity_ids]" time="3.817" /><testcase classname="tests.test_case01" name="test_repeatability_rejects_patch_and_provenance_mutations[provenance_output-provenance_output_entity_ids]" time="3.764" /><testcase classname="tests.test_case01" name="test_repeatability_rejects_patch_and_provenance_mutations[source_face_a-source_face_a_id]" time="3.787" /><testcase classname="tests.test_case01" name="test_repeatability_rejects_patch_and_provenance_mutations[missing_coverage-coverage_a]" time="4.194" /><testcase classname="tests.test_case01" name="test_repeatability_snapshot_accepts_identical_records_and_unordered_output" time="4.217" /><testcase classname="tests.test_case01" name="test_repeatability_snapshot_rejects_two_missing_required_fields" time="3.933" /><testcase classname="tests.test_case01" name="test_capability_probe_records_actual_boolean_history_limit_and_face_common_path" time="2.024" /><testcase classname="tests.test_case01" name="test_case01_headless_cli_publishes_analysis_evidence" time="4.580" /><testcase classname="tests.test_case01" name="test_case01_cli_fails_closed_and_publishes_failure_evidence" time="3.973" /><testcase classname="tests.test_case01" name="test_tracked_case01_fixture_and_expected_bundle_validate_directly" time="2.197" /><testcase classname="tests.test_cli" name="test_validate_command_prints_json_and_exits_zero" time="2.350" /><testcase classname="tests.test_cli" name="test_validate_command_exits_two_for_policy_failure" time="2.207" /><testcase classname="tests.test_cli" name="test_promote_command_succeeds_for_local_package_while_preservation_is_incomplete" time="2.155" /><testcase classname="tests.test_cli" name="test_malformed_json_does_not_echo_secret_or_traceback" time="2.180" /><testcase classname="tests.test_cli" name="test_cli_exposes_only_validate_promote_and_demo" time="0.805" /><testcase classname="tests.test_cli" name="test_demo_rejects_output_outside_staging" time="1.474" /><testcase classname="tests.test_contact_canonical_03a" name="test_canonical_generator_creates_six_independent_tracked_style_step_bundles" time="9.851" /><testcase classname="tests.test_contact_canonical_03a" name="test_canonical_analysis_reimports_step_and_reports_actual_brep_dimension[A01]" time="11.815" /><testcase classname="tests.test_contact_canonical_03a" name="test_canonical_analysis_reimports_step_and_reports_actual_brep_dimension[A02]" time="11.647" /><testcase classname="tests.test_contact_canonical_03a" name="test_canonical_analysis_reimports_step_and_reports_actual_brep_dimension[A03]" time="11.679" /><testcase classname="tests.test_contact_canonical_03a" name="test_canonical_analysis_reimports_step_and_reports_actual_brep_dimension[A04]" time="11.229" /><testcase classname="tests.test_contact_canonical_03a" name="test_canonical_analysis_reimports_step_and_reports_actual_brep_dimension[A05]" time="11.394" /><testcase classname="tests.test_contact_canonical_03a" name="test_canonical_analysis_reimports_step_and_reports_actual_brep_dimension[A06]" time="11.683" /><testcase classname="tests.test_contact_canonical_03a" name="test_canonical_planar_cases_report_coverage_and_direct_face_provenance[A01]" time="11.462" /><testcase classname="tests.test_contact_canonical_03a" name="test_canonical_planar_cases_report_coverage_and_direct_face_provenance[A02]" time="11.556" /><testcase classname="tests.test_contact_canonical_03a" name="test_canonical_planar_cases_report_coverage_and_direct_face_provenance[A03]" time="11.079" /><testcase classname="tests.test_contact_canonical_03a" name="test_canonical_expected_mutation_fails_validation_without_changing_actual_evidence[measure]" time="14.023" /><testcase classname="tests.test_contact_canonical_03a" name="test_canonical_expected_mutation_fails_validation_without_changing_actual_evidence[coverage]" time="15.904" /><testcase classname="tests.test_contact_canonical_03a" name="test_canonical_expected_mutation_fails_validation_without_changing_actual_evidence[provenance]" time="14.169" /><testcase classname="tests.test_contact_canonical_03a" name="test_canonical_repeatability_compares_two_processes_and_rejects_measure_mutation" time="13.907" /><testcase classname="tests.test_contact_canonical_03a" name="test_tracked_canonical_step_bundle_validates_directly[A01]" time="2.788" /><testcase classname="tests.test_contact_canonical_03a" name="test_tracked_canonical_step_bundle_validates_directly[A02]" time="2.417" /><testcase classname="tests.test_contact_canonical_03a" name="test_tracked_canonical_step_bundle_validates_directly[A03]" time="2.401" /><testcase classname="tests.test_contact_canonical_03a" name="test_tracked_canonical_step_bundle_validates_directly[A04]" time="2.060" /><testcase classname="tests.test_contact_canonical_03a" name="test_tracked_canonical_step_bundle_validates_directly[A05]" time="2.505" /><testcase classname="tests.test_contact_canonical_03a" name="test_tracked_canonical_step_bundle_validates_directly[A06]" time="2.014" /><testcase classname="tests.test_contact_canonical_03a" name="test_canonical_suite_writes_view_index_summary_and_per_case_debug_files" time="35.124" /><testcase classname="tests.test_contact_canonical_03b" name="test_analytic_generator_creates_only_the_three_frozen_curve_fixtures" time="4.669" /><testcase classname="tests.test_contact_canonical_03b" name="test_analytic_analysis_reimports_step_and_reports_curved_brep_evidence[A07]" time="6.409" /><testcase classname="tests.test_contact_canonical_03b" name="test_analytic_analysis_reimports_step_and_reports_curved_brep_evidence[A08]" time="7.039" /><testcase classname="tests.test_contact_canonical_03b" name="test_analytic_analysis_reimports_step_and_reports_curved_brep_evidence[A09]" time="6.316" /><testcase classname="tests.test_contact_canonical_03b" name="test_analytic_expected_mutation_fails_closed_without_changing_actual_curve_evidence" time="8.385" /><testcase classname="tests.test_contact_canonical_03b" name="test_analytic_repeatability_preserves_area_coverage_components_and_provenance" time="8.424" /><testcase classname="tests.test_contact_canonical_03b" name="test_analytic_suite_publishes_debug_models_and_curve_view_instructions" time="14.665" /><testcase classname="tests.test_contact_canonical_03c" name="test_topology_generator_creates_only_frozen_a11_and_a12" time="3.327" /><testcase classname="tests.test_contact_canonical_03c" name="test_topology_analysis_reimports_two_connected_solids_and_reports_actual_components[A11]" time="6.002" /><testcase classname="tests.test_contact_canonical_03c" name="test_topology_analysis_reimports_two_connected_solids_and_reports_actual_components[A12]" time="5.293" /><testcase classname="tests.test_contact_canonical_03c" name="test_a12_direct_normalized_generation_preserves_analytic_faces_before_and_after_step" time="1.488" /><testcase classname="tests.test_contact_canonical_03c" name="test_tracked_a12_reimport_keeps_analytic_geometry_and_strict_area_coverage_contract" time="1.527" /><testcase classname="tests.test_contact_canonical_03c" name="test_a12_strict_validation_rejects_old_area_and_excess_coverage_without_digest_shortcut" time="3.234" /><testcase classname="tests.test_contact_canonical_03c" name="test_topology_expected_mutation_fails_closed_without_changing_actual_evidence" time="6.884" /><testcase classname="tests.test_contact_canonical_03c" name="test_topology_snapshot_mutations_change_expected_comparison_not_actual_evidence" time="8.229" /><testcase classname="tests.test_contact_canonical_03c" name="test_topology_repeatability_and_debug_models_publish_durable_component_views" time="10.946" /><testcase classname="tests.test_contact_fixed_tolerance_pilot_05c" name="test_fixed_tau_e_does_not_scale" time="0.001" /><testcase classname="tests.test_contact_fixed_tolerance_pilot_05c" name="test_a07_domain_rejects_non_positive_and_outer_radius_bore" time="0.001" /><testcase classname="tests.test_contact_fixed_tolerance_pilot_05c" name="test_a01_large_negative_delta_uses_interval_intersection_volume" time="0.001" /><testcase classname="tests.test_contact_fixed_tolerance_pilot_05c" name="test_normalized_reference_uses_delta_over_scale_not_same_q" time="0.001" /><testcase classname="tests.test_contact_fixed_tolerance_pilot_05c" name="test_normalized_auxiliary_validation_accepts_current_delta_over_scale_reference" time="0.001" /><testcase classname="tests.test_contact_fixed_tolerance_pilot_05c" name="test_manifest_has_all_planned_rows_and_keeps_domain_exclusions" time="0.025" /><testcase classname="tests.test_contact_fixed_tolerance_pilot_05c" name="test_expected_mutation_cannot_change_actual_and_missing_values_cannot_pass" time="0.001" /><testcase classname="tests.test_contact_fixed_tolerance_pilot_05c" name="test_materialize_preserves_an_existing_generated_step" time="0.019" /><testcase classname="tests.test_contact_partition_union_04a" name="test_production_validation_rejects_excess_volume_error" time="1.052" /><testcase classname="tests.test_contact_partition_union_04a" name="test_production_validation_rejects_invalid_or_disconnected_union" time="1.036" /><testcase classname="tests.test_contact_partition_union_04a" name="test_validation_cli_returns_nonzero_for_excess_volume_error" time="1.244" /><testcase classname="tests.test_contact_partition_union_04a" name="test_partition_union_exports_actual_patches_and_a_valid_connected_union[A02]" time="4.465" /><testcase classname="tests.test_contact_partition_union_04a" name="test_partition_union_exports_actual_patches_and_a_valid_connected_union[A08]" time="2.142" /><testcase classname="tests.test_contact_partition_union_04a" name="test_operation_does_not_consume_expected_json_for_actual_geometry" time="8.620" /><testcase classname="tests.test_contact_partition_union_04a" name="test_suite_writes_view_index_and_compares_two_freecad_processes" time="16.618" /><testcase classname="tests.test_contact_scale_covariance_pilot_05b" name="test_scale_rules_keep_tau_e_and_a07_controls_covariant" time="0.001" /><testcase classname="tests.test_contact_scale_covariance_pilot_05b" name="test_scale_validation_normalizes_area_by_square_scale" time="0.001" /><testcase classname="tests.test_contact_scale_covariance_pilot_05b" name="test_small_scale_keeps_native_absolute_pass_separate_from_normalized_failure" time="0.002" /><testcase classname="tests.test_contact_scale_covariance_pilot_05b" name="test_large_scale_keeps_native_absolute_failure_separate_from_normalized_pass" time="0.002" /><testcase classname="tests.test_contact_scale_covariance_pilot_05b" name="test_scale_validation_uses_cubed_scale_for_volume" time="0.001" /><testcase classname="tests.test_contact_scale_covariance_pilot_05b" name="test_scale_validation_rejects_missing_nan_and_non_applicable_metrics" time="0.001" /><testcase classname="tests.test_contact_scale_covariance_pilot_05b" name="test_expected_mutation_never_changes_actual_evidence" time="0.001" /><testcase classname="tests.test_contact_scale_covariance_pilot_05b" name="test_revalidation_reports_missing_actual_as_incomplete" time="0.014" /><testcase classname="tests.test_contact_tolerance_pilot_05a" name="test_generator_writes_two_cases_with_the_frozen_15_offsets" time="44.840" /><testcase classname="tests.test_contact_tolerance_pilot_05a" name="test_a07_regeneration_preserves_all_tracked_a01_steps" time="71.532" /><testcase classname="tests.test_contact_tolerance_pilot_05a" name="test_engineering_state_uses_inclusive_tolerance_boundaries" time="0.001" /><testcase classname="tests.test_contact_tolerance_pilot_05a" name="test_validation_detects_mutated_expected_truth" time="0.002" /><testcase classname="tests.test_contact_tolerance_pilot_05a" name="test_validation_rejects_missing_actual_fields" time="0.001" /><testcase classname="tests.test_contact_tolerance_pilot_05a" name="test_validation_detects_a_mutated_actual_measurement" time="0.001" /><testcase classname="tests.test_contact_tolerance_pilot_05a" name="test_validation_detects_mutated_actual_engineering_state" time="0.001" /><testcase classname="tests.test_contact_tolerance_pilot_05a" name="test_validation_detects_mutated_direct_fuse_solid_count" time="0.001" /><testcase classname="tests.test_contact_tolerance_pilot_05a" name="test_actual_measurement_uses_the_reimported_a01_gap_not_truth" time="46.494" /><testcase classname="tests.test_contact_tolerance_pilot_05a" name="test_a01_role_constrained_measurement_uses_tracked_penetration_interface" time="1.613" /><testcase classname="tests.test_contact_tolerance_pilot_05a" name="test_a01_role_constrained_measurement_uses_archived_minus_four_interface" time="1.683" /><testcase classname="tests.test_contact_tolerance_pilot_05a" name="test_a01_role_fixture_controls_use_reimported_geometry[A01_delta_m1tauE--0.1-penetration_within_tolerance]" time="1.864" /><testcase classname="tests.test_contact_tolerance_pilot_05a" name="test_a01_role_fixture_controls_use_reimported_geometry[A01_delta_p0tauE-0.0-exact]" time="1.600" /><testcase classname="tests.test_contact_tolerance_pilot_05a" name="test_a01_role_fixture_controls_use_reimported_geometry[A01_delta_p0_5tauE-0.05-positive_gap_within_tolerance]" time="1.566" /><testcase classname="tests.test_contact_tolerance_pilot_05a" name="test_a01_rejects_missing_or_duplicate_roles_on_the_production_step_path[Missing_1-A01 role Side_1 is missing or duplicated]" time="1.509" /><testcase classname="tests.test_contact_tolerance_pilot_05a" name="test_a01_rejects_missing_or_duplicate_roles_on_the_production_step_path[Side_1-A01 role Side_2 is missing or duplicated]" time="1.478" /><testcase classname="tests.test_contact_tolerance_pilot_05a" name="test_a01_measurement_is_independent_of_its_parent_directory" time="1.717" /><testcase classname="tests.test_contact_tolerance_pilot_05a" name="test_gap_view_exports_real_inputs_without_gui_view_provider" time="46.951" /><testcase classname="tests.test_contact_tolerance_pilot_05a" name="test_a07_construction_rejects_legacy_75_mm_nominal_geometry" time="0.001" /><testcase classname="tests.test_contact_tolerance_pilot_05a" name="test_a07_construction_rejects_outer_radius_drift" time="0.002" /><testcase classname="tests.test_contact_tolerance_pilot_05a" name="test_a07_nominal_equivalence_rejects_material_volume_difference" time="0.002" /><testcase classname="tests.test_contact_tolerance_pilot_05a" name="test_validator_rejects_changed_actual_contact_area_and_common_volume" time="0.002" /><testcase classname="tests.test_contact_tolerance_pilot_05a" name="test_validator_rejects_missing_applicable_measurement" time="0.001" /><testcase classname="tests.test_cylinder_partition_union_04b" name="test_generator_creates_tracked_cylinder_step_bundles" time="4.829" /><testcase classname="tests.test_cylinder_partition_union_04b" name="test_cylinder_operation_measures_reimported_step_and_validates_shape[U04_cylinder_full_fill]" time="3.453" /><testcase classname="tests.test_cylinder_partition_union_04b" name="test_cylinder_operation_measures_reimported_step_and_validates_shape[U05_cylinder_short_core]" time="3.784" /><testcase classname="tests.test_cylinder_partition_union_04b" name="test_cylinder_operation_measures_reimported_step_and_validates_shape[U06_cylinder_unequal_overlap]" time="3.600" /><testcase classname="tests.test_cylinder_partition_union_04b" name="test_negative_candidates_reject_filled_blind_hole_and_truncated_extension" time="2.016" /><testcase classname="tests.test_cylinder_partition_union_04b" name="test_suite_publishes_chinese_view_index_and_two_process_repeatability" time="30.612" /><testcase classname="tests.test_cylindrical_interface_repair_07a" name="test_axis_relation_ignores_line_origins_and_direction_sign" time="0.001" /><testcase classname="tests.test_cylindrical_interface_repair_07a" name="test_axis_relation_is_covariant_under_proper_rotation" time="0.001" /><testcase classname="tests.test_cylindrical_interface_repair_07a" name="test_nonparallel_axis_distance_ignores_each_axis_point_parameterization" time="0.001" /><testcase classname="tests.test_cylindrical_interface_repair_07a" name="test_axis_relation_rejects_nonfinite_and_boolean_components" time="0.001" /><testcase classname="tests.test_cylindrical_interface_repair_07a" name="test_radial_relation_preserves_a07_clearance_sign[10.0-10.0-RADIUS_COMPATIBLE]" time="0.001" /><testcase classname="tests.test_cylindrical_interface_repair_07a" name="test_radial_relation_preserves_a07_clearance_sign[10.05-10.0-DIMENSIONAL_RADIAL_CLEARANCE]" time="0.001" /><testcase classname="tests.test_cylindrical_interface_repair_07a" name="test_radial_relation_preserves_a07_clearance_sign[10.0-10.05-DIMENSIONAL_RADIAL_INTERFERENCE]" time="0.001" /><testcase classname="tests.test_cylindrical_interface_repair_07a" name="test_classification_keeps_dimensional_error_out_of_motion_path" time="0.001" /><testcase classname="tests.test_cylindrical_interface_repair_07a" name="test_exact_contact_requires_actual_positive_area_common" time="0.001" /><testcase classname="tests.test_cylindrical_interface_repair_07a" name="test_compound_error_is_not_reduced_to_one_component" time="0.001" /><testcase classname="tests.test_cylindrical_interface_repair_07a" name="test_positional_repair_requires_specific_interference_authorization" time="0.001" /><testcase classname="tests.test_cylindrical_interface_repair_07a" name="test_positional_repair_applies_tau_e_before_motion_budget" time="0.001" /><testcase classname="tests.test_cylindrical_interface_repair_07a" name="test_declared_numeric_rules_are_unit_bearing" time="0.002" /><testcase classname="tests.test_cylindrical_interface_repair_07a" name="test_actual_brep_principal_scenarios_enforce_taxonomy" time="18.525" /><testcase classname="tests.test_cylindrical_interface_repair_07a" name="test_actual_brep_ambiguity_fails_closed_independent_of_traversal" time="10.186" /><testcase classname="tests.test_cylindrical_interface_repair_07a" name="test_expected_is_loaded_only_after_actual_operation" time="14.386" /><testcase classname="tests.test_cylindrical_interface_repair_07a" name="test_suite_publishes_repeatability_and_human_review_index" time="36.473" /><testcase classname="tests.test_cylindrical_interface_repair_07a" name="test_cli_exposes_07a_generate_case_and_suite_commands" time="0.346" /><testcase classname="tests.test_cylindrical_interface_repair_07a" name="test_missing_corrected_geometry_artifact_fails_revalidation" time="9.600" /><testcase classname="tests.test_cylindrical_interface_repair_07a" name="test_validator_applies_unit_specific_inverse_and_roundtrip_postconditions" time="9.460" /><testcase classname="tests.test_cylindrical_interface_repair_07a" name="test_rotated_c02_control_has_no_world_axis_dependency" time="10.352" /><testcase classname="tests.test_integrity" name="test_file_integrity_streams_known_sha256_and_size" time="0.006" /><testcase classname="tests.test_integrity" name="test_compare_bytes_reports_same_bytes" time="0.006" /><testcase classname="tests.test_integrity" name="test_compare_bytes_reports_different_bytes_without_geometry_status" time="0.009" /><testcase classname="tests.test_integrity" name="test_copy_and_verify_records_exact_source_and_destination" time="0.016" /><testcase classname="tests.test_integrity" name="test_copy_and_verify_refuses_to_overwrite_existing_evidence" time="0.013" /><testcase classname="tests.test_orientation_invariant_planar_correction_06d" name="test_reference_direction_is_strictly_validated_and_normalized" time="0.011" /><testcase classname="tests.test_orientation_invariant_planar_correction_06d" name="test_pure_normal_translation_covaries_with_reference_direction" time="0.001" /><testcase classname="tests.test_orientation_invariant_planar_correction_06d" name="test_covariance_rotation_rejects_scale_and_reflection[matrix0]" time="0.001" /><testcase classname="tests.test_orientation_invariant_planar_correction_06d" name="test_covariance_rotation_rejects_scale_and_reflection[matrix1]" time="0.001" /><testcase classname="tests.test_orientation_invariant_planar_correction_06d" name="test_d01_rotated_partial_overlap_executes_covariant_brep_correction" time="6.497" /><testcase classname="tests.test_orientation_invariant_planar_correction_06d" name="test_invalid_reference_direction_fails_closed_in_brep_runner[None]" time="3.687" /><testcase classname="tests.test_orientation_invariant_planar_correction_06d" name="test_invalid_reference_direction_fails_closed_in_brep_runner[invalid1]" time="3.582" /><testcase classname="tests.test_orientation_invariant_planar_correction_06d" name="test_invalid_reference_direction_fails_closed_in_brep_runner[invalid2]" time="3.567" /><testcase classname="tests.test_orientation_invariant_planar_correction_06d" name="test_invalid_reference_direction_fails_closed_in_brep_runner[invalid3]" time="3.426" /><testcase classname="tests.test_orientation_invariant_planar_correction_06d" name="test_invalid_reference_direction_fails_closed_in_brep_runner[invalid4]" time="3.432" /><testcase classname="tests.test_orientation_invariant_planar_correction_06d" name="test_invalid_reference_direction_fails_closed_in_brep_runner[invalid5]" time="3.557" /><testcase classname="tests.test_orientation_invariant_planar_correction_06d" name="test_generic_orientation_preserves_multipatch_and_annular_topology[D02-384.0-2-2-2-0]" time="14.430" /><testcase classname="tests.test_orientation_invariant_planar_correction_06d" name="test_generic_orientation_preserves_multipatch_and_annular_topology[D03-942.4777960769379-1-1-2-1]" time="13.705" /><testcase classname="tests.test_orientation_invariant_planar_correction_06d" name="test_reversed_reference_is_not_auto_flipped" time="7.095" /><testcase classname="tests.test_orientation_invariant_planar_correction_06d" name="test_translation_only_control_changes_support_not_relative_geometry" time="6.594" /><testcase classname="tests.test_orientation_invariant_planar_correction_06d" name="test_covariance_validator_rejects_vector_scalar_and_topology_tampering" time="11.451" /><testcase classname="tests.test_orientation_invariant_planar_correction_06d" name="test_inverse_brep_equivalence_records_topology_and_analytic_families" time="10.500" /><testcase classname="tests.test_orientation_invariant_planar_correction_06d" name="test_covariance_checks_measured_normals_and_centroids" time="11.082" /><testcase classname="tests.test_orientation_invariant_planar_correction_06d" name="test_patch_id_reordering_does_not_define_covariance" time="12.955" /><testcase classname="tests.test_orientation_invariant_planar_correction_06d" name="test_suite_publishes_views_two_process_repeatability_and_controls" time="126.525" /><testcase classname="tests.test_orientation_invariant_planar_correction_06d" name="test_expected_mutation_cannot_change_actual_geometry_or_action" time="16.935" /><testcase classname="tests.test_orientation_invariant_planar_correction_06d" name="test_artifact_byte_failure_is_separate_from_geometry_equivalence" time="10.183" /><testcase classname="tests.test_orientation_invariant_planar_correction_06d" name="test_real_brep_patch_motion_fails_even_if_recorded_hash_is_unchanged" time="0.948" /><testcase classname="tests.test_p2_final_evidence_generator" name="test_junit_input_must_be_complete_and_green[counts0]" time="0.009" /><testcase classname="tests.test_p2_final_evidence_generator" name="test_junit_input_must_be_complete_and_green[counts1]" time="0.007" /><testcase classname="tests.test_p2_final_evidence_generator" name="test_junit_input_must_be_complete_and_green[counts2]" time="0.017" /><testcase classname="tests.test_p2_final_evidence_generator" name="test_junit_input_must_be_complete_and_green[counts3]" time="0.009" /><testcase classname="tests.test_p2_final_evidence_generator" name="test_junit_hostname_is_sanitized_and_counts_are_derived" time="0.014" /><testcase classname="tests.test_p2_final_evidence_generator" name="test_scientific_pass_requires_all_case_a_case_b_and_reopen_conditions[GEOMETRY_DIFFERENT-SEMANTIC_EQUIVALENT-UI_DIFFERENT-GEOMETRY_DIFFERENT-GEOMETRY_EQUIVALENT]" time="0.001" /><testcase classname="tests.test_p2_final_evidence_generator" name="test_scientific_pass_requires_all_case_a_case_b_and_reopen_conditions[GEOMETRY_EQUIVALENT-SEMANTIC_DIFFERENT-UI_DIFFERENT-GEOMETRY_DIFFERENT-GEOMETRY_EQUIVALENT]" time="0.001" /><testcase classname="tests.test_p2_final_evidence_generator" name="test_scientific_pass_requires_all_case_a_case_b_and_reopen_conditions[GEOMETRY_EQUIVALENT-SEMANTIC_EQUIVALENT-UI_SAME-GEOMETRY_DIFFERENT-GEOMETRY_EQUIVALENT]" time="0.001" /><testcase classname="tests.test_p2_final_evidence_generator" name="test_scientific_pass_is_derived_from_all_required_conditions" time="0.002" /><testcase classname="tests.test_planar_gap_assembly_correction_06a" name="test_policy_decision_covers_the_six_required_states[0.05-policy0-CORRECTED_AND_FUSED-0.05]" time="0.002" /><testcase classname="tests.test_planar_gap_assembly_correction_06a" name="test_policy_decision_covers_the_six_required_states[0.05-policy1-MOTION_NOT_AUTHORIZED-0.0]" time="0.001" /><testcase classname="tests.test_planar_gap_assembly_correction_06a" name="test_policy_decision_covers_the_six_required_states[0.05-policy2-TRANSLATION_BUDGET_EXCEEDED-0.0]" time="0.001" /><testcase classname="tests.test_planar_gap_assembly_correction_06a" name="test_policy_decision_covers_the_six_required_states[0.11-policy3-ENGINEERING_TOLERANCE_EXCEEDED-0.0]" time="0.001" /><testcase classname="tests.test_planar_gap_assembly_correction_06a" name="test_policy_decision_covers_the_six_required_states[0.0-policy4-ALREADY_CONTACT-0.0]" time="0.001" /><testcase classname="tests.test_planar_gap_assembly_correction_06a" name="test_policy_decision_covers_the_six_required_states[-0.05-policy5-PENETRATION_OUT_OF_SCOPE-0.0]" time="0.001" /><testcase classname="tests.test_planar_gap_assembly_correction_06a" name="test_missing_or_illegal_policy_defaults_to_no_motion[None]" time="0.008" /><testcase classname="tests.test_planar_gap_assembly_correction_06a" name="test_missing_or_illegal_policy_defaults_to_no_motion[raw1]" time="0.007" /><testcase classname="tests.test_planar_gap_assembly_correction_06a" name="test_missing_or_illegal_policy_defaults_to_no_motion[raw2]" time="0.012" /><testcase classname="tests.test_planar_gap_assembly_correction_06a" name="test_validator_rejects_tampered_translation_direction_and_norm" time="0.001" /><testcase classname="tests.test_planar_gap_assembly_correction_06a" name="test_validator_rejects_the_eight_authorization_and_nonfinite_counterexamples[&lt;lambda&gt;-expected_failure0]" time="0.001" /><testcase classname="tests.test_planar_gap_assembly_correction_06a" name="test_validator_rejects_the_eight_authorization_and_nonfinite_counterexamples[&lt;lambda&gt;-expected_failure1]" time="0.002" /><testcase classname="tests.test_planar_gap_assembly_correction_06a" name="test_validator_rejects_the_eight_authorization_and_nonfinite_counterexamples[&lt;lambda&gt;-expected_failure2]" time="0.002" /><testcase classname="tests.test_planar_gap_assembly_correction_06a" name="test_validator_rejects_the_eight_authorization_and_nonfinite_counterexamples[&lt;lambda&gt;-expected_failure3]" time="0.002" /><testcase classname="tests.test_planar_gap_assembly_correction_06a" name="test_validator_rejects_the_eight_authorization_and_nonfinite_counterexamples[&lt;lambda&gt;-expected_failure4]" time="0.002" /><testcase classname="tests.test_planar_gap_assembly_correction_06a" name="test_validator_rejects_the_eight_authorization_and_nonfinite_counterexamples[&lt;lambda&gt;-expected_failure5]" time="0.001" /><testcase classname="tests.test_planar_gap_assembly_correction_06a" name="test_validator_rejects_the_eight_authorization_and_nonfinite_counterexamples[&lt;lambda&gt;-expected_failure6]" time="0.001" /><testcase classname="tests.test_planar_gap_assembly_correction_06a" name="test_validator_rejects_the_eight_authorization_and_nonfinite_counterexamples[&lt;lambda&gt;-expected_failure7]" time="0.001" /><testcase classname="tests.test_planar_gap_assembly_correction_06a" name="test_validator_rejects_nonfinite_required_numeric_evidence[path0-nan]" time="0.001" /><testcase classname="tests.test_planar_gap_assembly_correction_06a" name="test_validator_rejects_nonfinite_required_numeric_evidence[path1-inf]" time="0.002" /><testcase classname="tests.test_planar_gap_assembly_correction_06a" name="test_validator_rejects_nonfinite_required_numeric_evidence[path2--inf]" time="0.001" /><testcase classname="tests.test_planar_gap_assembly_correction_06a" name="test_validator_rejects_nonfinite_required_numeric_evidence[path3-nan]" time="0.001" /><testcase classname="tests.test_planar_gap_assembly_correction_06a" name="test_validator_rejects_nonfinite_required_numeric_evidence[path4-inf]" time="0.001" /><testcase classname="tests.test_planar_gap_assembly_correction_06a" name="test_validator_rejects_nonfinite_required_numeric_evidence[path5-nan]" time="0.001" /><testcase classname="tests.test_planar_gap_assembly_correction_06a" name="test_validator_rejects_nonfinite_required_numeric_evidence[path6-nan]" time="0.001" /><testcase classname="tests.test_planar_gap_assembly_correction_06a" name="test_validator_rejects_nonfinite_required_numeric_evidence[path7-inf]" time="0.001" /><testcase classname="tests.test_planar_gap_assembly_correction_06a" name="test_validator_rejects_nonfinite_required_numeric_evidence[path8-nan]" time="0.001" /><testcase classname="tests.test_planar_gap_assembly_correction_06a" name="test_validator_rejects_nonfinite_required_numeric_evidence[path9--inf]" time="0.002" /><testcase classname="tests.test_planar_gap_assembly_correction_06a" name="test_validator_rejects_nonfinite_required_numeric_evidence[path10-inf]" time="0.002" /><testcase classname="tests.test_planar_gap_assembly_correction_06a" name="test_validator_rejects_nonfinite_required_numeric_evidence[path11-inf]" time="0.002" /><testcase classname="tests.test_planar_gap_assembly_correction_06a" name="test_validator_rejects_nonfinite_required_numeric_evidence[path12--inf]" time="0.001" /><testcase classname="tests.test_planar_gap_assembly_correction_06a" name="test_validator_rejects_nonfinite_required_numeric_evidence[path13-nan]" time="0.001" /><testcase classname="tests.test_planar_gap_assembly_correction_06a" name="test_validator_rejects_missing_required_numeric_evidence[path0-pre_measurement.measured_signed_offset_mm]" time="0.001" /><testcase classname="tests.test_planar_gap_assembly_correction_06a" name="test_validator_rejects_missing_required_numeric_evidence[path1-pre_measurement.reference_direction]" time="0.001" /><testcase classname="tests.test_planar_gap_assembly_correction_06a" name="test_validator_rejects_missing_required_numeric_evidence[path2-decision.executed_translation_mm]" time="0.001" /><testcase classname="tests.test_planar_gap_assembly_correction_06a" name="test_validator_rejects_missing_required_numeric_evidence[path3-policy.tauE_mm]" time="0.002" /><testcase classname="tests.test_planar_gap_assembly_correction_06a" name="test_validator_rejects_missing_required_numeric_evidence[path4-contact_patch.area_mm2]" time="0.001" /><testcase classname="tests.test_planar_gap_assembly_correction_06a" name="test_validator_rejects_missing_required_numeric_evidence[path5-fuse.volume_conservation_error_mm3]" time="0.001" /><testcase classname="tests.test_planar_gap_assembly_correction_06a" name="test_validator_rejects_missing_required_numeric_evidence[path6-reimport.corrected_assembly.residual_offset_mm]" time="0.001" /><testcase classname="tests.test_planar_gap_assembly_correction_06a" name="test_validator_rejects_negative_nonnegative_evidence[path0-decision.executed_translation_norm_mm]" time="0.001" /><testcase classname="tests.test_planar_gap_assembly_correction_06a" name="test_validator_rejects_negative_nonnegative_evidence[path1-policy.tauE_mm]" time="0.001" /><testcase classname="tests.test_planar_gap_assembly_correction_06a" name="test_validator_rejects_negative_nonnegative_evidence[path2-policy.max_translation_mm]" time="0.001" /><testcase classname="tests.test_planar_gap_assembly_correction_06a" name="test_validator_rejects_negative_nonnegative_evidence[path3-contact_patch.area_mm2]" time="0.001" /><testcase classname="tests.test_planar_gap_assembly_correction_06a" name="test_validator_rejects_negative_nonnegative_evidence[path4-contact_patch.side_1_area_mm2]" time="0.001" /><testcase classname="tests.test_planar_gap_assembly_correction_06a" name="test_validator_rejects_negative_nonnegative_evidence[path5-contact_patch.side_2_area_mm2]" time="0.002" /><testcase classname="tests.test_planar_gap_assembly_correction_06a" name="test_validator_rejects_negative_nonnegative_evidence[path6-contact_patch.fused_boundary_overlap_area_mm2]" time="0.002" /><testcase classname="tests.test_planar_gap_assembly_correction_06a" name="test_validator_rejects_negative_nonnegative_evidence[path7-fuse.volume_conservation_error_mm3]" time="0.002" /><testcase classname="tests.test_planar_gap_assembly_correction_06a" name="test_validator_rejects_non_unit_or_boolean_reference_normal" time="0.001" /><testcase classname="tests.test_planar_gap_assembly_correction_06a" name="test_validator_accepts_already_contact_with_zero_motion_without_motion_authorization" time="0.001" /><testcase classname="tests.test_planar_gap_assembly_correction_06a" name="test_validator_accepts_legal_rejections_with_zero_motion_and_no_fuse[MOTION_NOT_AUTHORIZED-0.05-policy0]" time="0.001" /><testcase classname="tests.test_planar_gap_assembly_correction_06a" name="test_validator_accepts_legal_rejections_with_zero_motion_and_no_fuse[TRANSLATION_BUDGET_EXCEEDED-0.05-policy1]" time="0.001" /><testcase classname="tests.test_planar_gap_assembly_correction_06a" name="test_validator_accepts_legal_rejections_with_zero_motion_and_no_fuse[ENGINEERING_TOLERANCE_EXCEEDED-0.11-policy2]" time="0.002" /><testcase classname="tests.test_planar_gap_assembly_correction_06a" name="test_validator_accepts_legal_rejections_with_zero_motion_and_no_fuse[PENETRATION_OUT_OF_SCOPE--0.05-policy3]" time="0.002" /><testcase classname="tests.test_planar_gap_assembly_correction_06a" name="test_six_scenario_manifest_reuses_four_tracked_inputs_by_hash" time="0.003" /><testcase classname="tests.test_planar_gap_assembly_correction_06a" name="test_required_scenario_runs_from_real_tracked_step[P01]" time="1.718" /><testcase classname="tests.test_planar_gap_assembly_correction_06a" name="test_required_scenario_runs_from_real_tracked_step[P02]" time="1.616" /><testcase classname="tests.test_planar_gap_assembly_correction_06a" name="test_required_scenario_runs_from_real_tracked_step[P03]" time="1.476" /><testcase classname="tests.test_planar_gap_assembly_correction_06a" name="test_required_scenario_runs_from_real_tracked_step[P04]" time="1.525" /><testcase classname="tests.test_planar_gap_assembly_correction_06a" name="test_required_scenario_runs_from_real_tracked_step[P05]" time="1.870" /><testcase classname="tests.test_planar_gap_assembly_correction_06a" name="test_required_scenario_runs_from_real_tracked_step[P06]" time="1.718" /><testcase classname="tests.test_planar_gap_assembly_correction_06a" name="test_expected_mutation_does_not_change_measured_action" time="3.682" /><testcase classname="tests.test_planar_gap_assembly_correction_06a" name="test_object_and_face_traversal_order_do_not_change_action" time="3.549" /><testcase classname="tests.test_planar_gap_assembly_correction_06a" name="test_corrected_output_is_idempotent_and_two_processes_match" time="5.128" /><testcase classname="tests.test_planar_gap_assembly_correction_06a" name="test_failed_run_does_not_overwrite_previous_success" time="1.871" /><testcase classname="tests.test_planar_gap_assembly_correction_06a" name="test_postcheck_failure_is_diagnostic_and_does_not_replace_success" time="1.683" /><testcase classname="tests.test_planar_gap_assembly_correction_06a" name="test_cli_returns_nonzero_when_case_validation_fails" time="0.012" /><testcase classname="tests.test_planar_gap_assembly_correction_06a" name="test_p01_and_rejection_fcstd_reopen_with_unambiguous_visibility" time="3.482" /><testcase classname="tests.test_planar_multipatch_interface_correction_06c" name="test_06c_module_exists_for_planar_multipatch_interface_correction" time="0.001" /><testcase classname="tests.test_planar_multipatch_interface_correction_06c" name="test_06c_public_api_exposes_fixture_runner_suite_and_validator" time="0.001" /><testcase classname="tests.test_planar_multipatch_interface_correction_06c" name="test_generator_creates_three_independent_step_truth_bundles" time="5.195" /><testcase classname="tests.test_planar_multipatch_interface_correction_06c" name="test_p10_selects_two_coplanar_feet_and_preserves_two_equal_distinct_patches" time="20.884" /><testcase classname="tests.test_planar_multipatch_interface_correction_06c" name="test_p11_retains_one_analytic_annulus_with_outer_and_hole_loops" time="20.114" /><testcase classname="tests.test_planar_multipatch_interface_correction_06c" name="test_p12_reports_both_valid_candidates_and_refuses_to_choose_nearest" time="16.091" /><testcase classname="tests.test_planar_multipatch_interface_correction_06c" name="test_face_and_patch_traversal_reversal_does_not_change_semantics[P10]" time="11.760" /><testcase classname="tests.test_planar_multipatch_interface_correction_06c" name="test_face_and_patch_traversal_reversal_does_not_change_semantics[P11]" time="10.127" /><testcase classname="tests.test_planar_multipatch_interface_correction_06c" name="test_face_and_patch_traversal_reversal_does_not_change_semantics[P12]" time="3.501" /><testcase classname="tests.test_planar_multipatch_interface_correction_06c" name="test_expected_mutation_changes_validation_not_actual_geometry[P10-mutations0]" time="11.825" /><testcase classname="tests.test_planar_multipatch_interface_correction_06c" name="test_expected_mutation_changes_validation_not_actual_geometry[P11-mutations1]" time="10.418" /><testcase classname="tests.test_planar_multipatch_interface_correction_06c" name="test_expected_mutation_changes_validation_not_actual_geometry[P12-mutations2]" time="3.228" /><testcase classname="tests.test_planar_multipatch_interface_correction_06c" name="test_validator_rejects_nonfinite_bool_out_of_range_and_tangential_evidence[path0-nan-invalid_numeric]" time="6.137" /><testcase classname="tests.test_planar_multipatch_interface_correction_06c" name="test_validator_rejects_nonfinite_bool_out_of_range_and_tangential_evidence[path1-inf-invalid_numeric]" time="6.033" /><testcase classname="tests.test_planar_multipatch_interface_correction_06c" name="test_validator_rejects_nonfinite_bool_out_of_range_and_tangential_evidence[path2-nan-invalid_numeric]" time="5.704" /><testcase classname="tests.test_planar_multipatch_interface_correction_06c" name="test_validator_rejects_nonfinite_bool_out_of_range_and_tangential_evidence[path3-1.1-coverage]" time="5.714" /><testcase classname="tests.test_planar_multipatch_interface_correction_06c" name="test_validator_rejects_nonfinite_bool_out_of_range_and_tangential_evidence[path4-True-invalid_numeric]" time="6.594" /><testcase classname="tests.test_planar_multipatch_interface_correction_06c" name="test_validator_rejects_nonfinite_bool_out_of_range_and_tangential_evidence[path5-inf-invalid_numeric]" time="5.995" /><testcase classname="tests.test_planar_multipatch_interface_correction_06c" name="test_validator_rejects_nonfinite_bool_out_of_range_and_tangential_evidence[path6-nan-invalid_numeric]" time="5.898" /><testcase classname="tests.test_planar_multipatch_interface_correction_06c" name="test_validator_rejects_nonfinite_bool_out_of_range_and_tangential_evidence[path7-0.01-tangential_translation]" time="5.797" /><testcase classname="tests.test_planar_multipatch_interface_correction_06c" name="test_validator_rejects_nonfinite_bool_out_of_range_and_tangential_evidence[path8-inf-invalid_numeric]" time="5.651" /><testcase classname="tests.test_planar_multipatch_interface_correction_06c" name="test_validator_rejects_deleted_duplicated_or_misassigned_common_patches" time="6.200" /><testcase classname="tests.test_planar_multipatch_interface_correction_06c" name="test_validator_rejects_lost_p11_hole_and_boundary_loop" time="5.818" /><testcase classname="tests.test_planar_multipatch_interface_correction_06c" name="test_validator_binds_facesets_patches_provenance_and_step_reimports" time="5.855" /><testcase classname="tests.test_planar_multipatch_interface_correction_06c" name="test_validator_rejects_artifact_bytes_that_do_not_match_recorded_hash" time="5.726" /><testcase classname="tests.test_planar_multipatch_interface_correction_06c" name="test_validator_rejects_coordinated_patch_id_fabrication" time="5.941" /><testcase classname="tests.test_planar_multipatch_interface_correction_06c" name="test_validator_requires_complete_hash_manifest_for_every_material_artifact" time="5.754" /><testcase classname="tests.test_planar_multipatch_interface_correction_06c" name="test_artifact_reverification_recomputes_spatial_partition_and_fused_boundary" time="5.969" /><testcase classname="tests.test_planar_multipatch_interface_correction_06c" name="test_full_coverage_emits_one_explicit_partition_outcome_per_source_member" time="5.927" /><testcase classname="tests.test_planar_multipatch_interface_correction_06c" name="test_connected_multiface_component_boundary_is_rejected_instead_of_guessing_holes" time="0.962" /><testcase classname="tests.test_planar_multipatch_interface_correction_06c" name="test_curved_interface_is_structured_unsupported_not_no_positive_area_or_backend_failure" time="2.858" /><testcase classname="tests.test_planar_multipatch_interface_correction_06c" name="test_negative_planar_gap_is_structured_penetration_out_of_scope" time="3.814" /><testcase classname="tests.test_planar_multipatch_interface_correction_06c" name="test_negative_support_gap_without_lateral_overlap_is_not_penetration" time="3.576" /><testcase classname="tests.test_planar_multipatch_interface_correction_06c" name="test_actual_brep_equivalence_keeps_distinct_equal_statistics_hole_layouts" time="1.529" /><testcase classname="tests.test_planar_multipatch_interface_correction_06c" name="test_different_brep_representation_can_still_be_geometrically_equivalent" time="0.976" /><testcase classname="tests.test_planar_multipatch_interface_correction_06c" name="test_operation_relations_use_explicit_ids_without_shape_derived_hashes" time="5.542" /><testcase classname="tests.test_planar_multipatch_interface_correction_06c" name="test_repeatability_uses_unit_tolerances_and_ignores_representation_identity" time="5.546" /><testcase classname="tests.test_planar_multipatch_interface_correction_06c" name="test_failed_validation_cannot_replace_prior_success_or_emit_p12_success_step" time="14.346" /><testcase classname="tests.test_planar_multipatch_interface_correction_06c" name="test_p10_inherits_06b_authorization_taue_and_budget_rejections[policy_change0-MOTION_NOT_AUTHORIZED]" time="1.711" /><testcase classname="tests.test_planar_multipatch_interface_correction_06c" name="test_p10_inherits_06b_authorization_taue_and_budget_rejections[policy_change1-MOTION_NOT_AUTHORIZED]" time="1.598" /><testcase classname="tests.test_planar_multipatch_interface_correction_06c" name="test_p10_inherits_06b_authorization_taue_and_budget_rejections[policy_change2-ENGINEERING_TOLERANCE_EXCEEDED]" time="1.694" /><testcase classname="tests.test_planar_multipatch_interface_correction_06c" name="test_p10_inherits_06b_authorization_taue_and_budget_rejections[policy_change3-TRANSLATION_BUDGET_EXCEEDED]" time="1.651" /><testcase classname="tests.test_planar_multipatch_interface_correction_06c" name="test_suite_publishes_machine_evidence_repeatability_and_view_index" time="73.907" /><testcase classname="tests.test_planar_partial_overlap_correction_06b" name="test_generator_creates_three_independent_tracked_step_bundles" time="6.253" /><testcase classname="tests.test_planar_partial_overlap_correction_06b" name="test_real_tracked_cases_measure_partial_interfaces_and_preserve_lateral_pose[P07-CORRECTED_PARTIAL_INTERFACE_FUSED-480.0-coverage0-remaining0]" time="2.535" /><testcase classname="tests.test_planar_partial_overlap_correction_06b" name="test_real_tracked_cases_measure_partial_interfaces_and_preserve_lateral_pose[P08-CORRECTED_PARTIAL_INTERFACE_FUSED-200.0-coverage1-remaining1]" time="1.898" /><testcase classname="tests.test_planar_partial_overlap_correction_06b" name="test_real_tracked_cases_measure_partial_interfaces_and_preserve_lateral_pose[P09-NO_POSITIVE_AREA_INTERFACE-0.0-None-None]" time="1.643" /><testcase classname="tests.test_planar_partial_overlap_correction_06b" name="test_expected_mutation_cannot_change_actual_partial_overlap_geometry" time="3.488" /><testcase classname="tests.test_planar_partial_overlap_correction_06b" name="test_validator_rejects_tangential_motion_coverage_nan_and_tampered_partition" time="2.138" /><testcase classname="tests.test_planar_partial_overlap_correction_06b" name="test_validator_rejects_authorization_and_nonfinite_required_evidence[path0-False-authorization-policy.allow_motion]" time="1.722" /><testcase classname="tests.test_planar_partial_overlap_correction_06b" name="test_validator_rejects_authorization_and_nonfinite_required_evidence[path1-False-authorization-policy.policy_valid]" time="1.605" /><testcase classname="tests.test_planar_partial_overlap_correction_06b" name="test_validator_rejects_authorization_and_nonfinite_required_evidence[path2-False-authorization-decision.motion_authorized]" time="1.576" /><testcase classname="tests.test_planar_partial_overlap_correction_06b" name="test_validator_rejects_authorization_and_nonfinite_required_evidence[path3-0.01-policy_constraint-policy.tauE_mm]" time="1.755" /><testcase classname="tests.test_planar_partial_overlap_correction_06b" name="test_validator_rejects_authorization_and_nonfinite_required_evidence[path4-nan-invalid_numeric-pre_measurement.measured_signed_offset_mm]" time="1.915" /><testcase classname="tests.test_planar_partial_overlap_correction_06b" name="test_validator_rejects_authorization_and_nonfinite_required_evidence[path5-inf-invalid_numeric-pre_measurement.reference_direction.2]" time="1.962" /><testcase classname="tests.test_planar_partial_overlap_correction_06b" name="test_validator_rejects_authorization_and_nonfinite_required_evidence[path6-nan-invalid_numeric-decision.executed_translation_norm_mm]" time="1.651" /><testcase classname="tests.test_planar_partial_overlap_correction_06b" name="test_validator_rejects_authorization_and_nonfinite_required_evidence[path7-nan-invalid_numeric-post_measurement.measured_signed_offset_mm]" time="1.731" /><testcase classname="tests.test_planar_partial_overlap_correction_06b" name="test_validator_rejects_authorization_and_nonfinite_required_evidence[path8-nan-common_area-None]" time="1.834" /><testcase classname="tests.test_planar_partial_overlap_correction_06b" name="test_validator_rejects_authorization_and_nonfinite_required_evidence[path9-inf-volume_conservation-None]" time="2.051" /><testcase classname="tests.test_planar_partial_overlap_correction_06b" name="test_validator_rejects_authorization_and_nonfinite_required_evidence[path10-nan-invalid_numeric-reimport.corrected_assembly.residual_offset_mm]" time="2.084" /><testcase classname="tests.test_planar_partial_overlap_correction_06b" name="test_validator_rejects_missing_required_success_evidence[path0]" time="1.896" /><testcase classname="tests.test_planar_partial_overlap_correction_06b" name="test_validator_rejects_missing_required_success_evidence[path1]" time="1.884" /><testcase classname="tests.test_planar_partial_overlap_correction_06b" name="test_validator_rejects_missing_required_success_evidence[path2]" time="1.921" /><testcase classname="tests.test_planar_partial_overlap_correction_06b" name="test_two_independent_processes_are_repeatable_and_p09_never_publishes_success_outputs" time="5.205" /><testcase classname="tests.test_planar_partial_overlap_correction_06b" name="test_failed_validation_cannot_replace_previous_success_and_cli_is_nonzero" time="3.553" /><testcase classname="tests.test_policy" name="test_portable_path_parser_rejects_windows_and_posix_escape_forms[windows-drive-forward-slash]" time="0.001" /><testcase classname="tests.test_policy" name="test_portable_path_parser_rejects_windows_and_posix_escape_forms[windows-drive-backslash]" time="0.001" /><testcase classname="tests.test_policy" name="test_portable_path_parser_rejects_windows_and_posix_escape_forms[posix-absolute]" time="0.001" /><testcase classname="tests.test_policy" name="test_portable_path_parser_rejects_windows_and_posix_escape_forms[posix-traversal]" time="0.001" /><testcase classname="tests.test_policy" name="test_portable_path_parser_rejects_windows_and_posix_escape_forms[backslash-traversal]" time="0.001" /><testcase classname="tests.test_policy" name="test_portable_path_parser_normalizes_safe_separators" time="0.001" /><testcase classname="tests.test_policy" name="test_valid_request_passes_every_all_local_policy_checks" time="1.563" /><testcase classname="tests.test_policy" name="test_manifest_and_provenance_defects_fail_closed[missing_implementation_commit-SCHEMA_INVALID]" time="0.848" /><testcase classname="tests.test_policy" name="test_manifest_and_provenance_defects_fail_closed[nonexistent_implementation_commit-GIT_COMMIT_NOT_FOUND]" time="1.128" /><testcase classname="tests.test_policy" name="test_manifest_and_provenance_defects_fail_closed[invalid_run_id-SCHEMA_INVALID]" time="0.936" /><testcase classname="tests.test_policy" name="test_manifest_and_provenance_defects_fail_closed[missing_tolerance_unit-SCHEMA_INVALID]" time="0.859" /><testcase classname="tests.test_policy" name="test_manifest_and_provenance_defects_fail_closed[missing_result_evidence-EVIDENCE_REFERENCE_MISSING]" time="1.221" /><testcase classname="tests.test_policy" name="test_non_ancestor_parent_is_rejected" time="1.463" /><testcase classname="tests.test_policy" name="test_schema_failure_marks_dependent_checks_not_run" time="0.780" /><testcase classname="tests.test_policy" name="test_invalid_execution_timestamp_fails_schema_policy" time="0.757" /><testcase classname="tests.test_policy" name="test_allowlist_and_path_defects_fail_closed[missing-ALLOWLIST_SOURCE_MISSING]" time="1.118" /><testcase classname="tests.test_policy" name="test_allowlist_and_path_defects_fail_closed[traversal-PATH_ESCAPE]" time="1.136" /><testcase classname="tests.test_policy" name="test_allowlist_and_path_defects_fail_closed[absolute_source-PATH_ESCAPE]" time="1.222" /><testcase classname="tests.test_policy" name="test_allowlist_and_path_defects_fail_closed[absolute_public-PUBLIC_PATH_INVALID]" time="1.664" /><testcase classname="tests.test_policy" name="test_allowlist_and_path_defects_fail_closed[outside_staging-STAGING_ROOT_INVALID]" time="1.542" /><testcase classname="tests.test_policy" name="test_allowlist_and_path_defects_fail_closed[directory-BROAD_SELECTION]" time="1.595" /><testcase classname="tests.test_policy" name="test_allowlist_and_path_defects_fail_closed[duplicate_public-PUBLIC_PATH_INVALID]" time="1.316" /><testcase classname="tests.test_policy" name="test_allowlist_and_path_defects_fail_closed[reserved_public-PUBLIC_PATH_INVALID]" time="1.301" /><testcase classname="tests.test_policy" name="test_symlink_escape_is_rejected_when_host_supports_symlinks" time="1.228" /><testcase classname="tests.test_policy" name="test_sensitive_public_content_is_rejected[windows-home-path]" time="1.227" /><testcase classname="tests.test_policy" name="test_sensitive_public_content_is_rejected[linux-home-path]" time="1.361" /><testcase classname="tests.test_policy" name="test_sensitive_public_content_is_rejected[codex-private-path]" time="1.451" /><testcase classname="tests.test_policy" name="test_sensitive_public_content_is_rejected[private-key-header]" time="1.299" /><testcase classname="tests.test_policy" name="test_sensitive_public_content_is_rejected[github-token]" time="1.339" /><testcase classname="tests.test_policy" name="test_sensitive_public_content_is_rejected[password-assignment]" time="1.267" /><testcase classname="tests.test_policy" name="test_ordinary_sha256_integrity_value_is_public_safe" time="1.197" /><testcase classname="tests.test_policy" name="test_result_evidence_must_match_result_domain" time="1.186" /><testcase classname="tests.test_policy" name="test_result_evidence_domain_overlap_is_rejected" time="1.186" /><testcase classname="tests.test_policy" name="test_sha_geometry_predicate_is_rejected" time="1.226" /><testcase classname="tests.test_policy" name="test_byte_difference_does_not_set_geometry_failure" time="1.222" /><testcase classname="tests.test_policy" name="test_valid_case_a_cad_evidence_passes_policy" time="1.224" /><testcase classname="tests.test_policy" name="test_unbacked_cad_claims_fail_closed[missing_comparison-CAD_EVIDENCE_REFERENCE_MISSING]" time="1.229" /><testcase classname="tests.test_policy" name="test_unbacked_cad_claims_fail_closed[malformed_snapshot-CAD_EVIDENCE_SCHEMA_INVALID]" time="1.234" /><testcase classname="tests.test_policy" name="test_unbacked_cad_claims_fail_closed[result_mismatch-CAD_RESULT_MISMATCH]" time="1.226" /><testcase classname="tests.test_policy" name="test_unbacked_cad_claims_fail_closed[sha_method-SHA_GEOMETRY_MISUSE]" time="1.155" /><testcase classname="tests.test_policy" name="test_unreferenced_specialized_cad_artifact_is_still_schema_validated" time="1.199" /><testcase classname="tests.test_policy" name="test_specialized_cad_artifact_is_validated_without_any_proven_result" time="1.338" /><testcase classname="tests.test_policy" name="test_specialized_cad_kind_must_match_artifact_discriminator" time="1.340" /><testcase classname="tests.test_policy" name="test_geometry_comparison_decision_must_follow_measurements_and_tolerances[false_check_omitted]" time="1.308" /><testcase classname="tests.test_policy" name="test_geometry_comparison_decision_must_follow_measurements_and_tolerances[status_contradicts_measurements]" time="1.170" /><testcase classname="tests.test_policy" name="test_geometry_comparison_decision_must_follow_measurements_and_tolerances[tolerance_mismatch]" time="1.380" /><testcase classname="tests.test_policy" name="test_proven_geometry_comparison_requires_available_measurements_and_method[unavailable_measurement]" time="1.223" /><testcase classname="tests.test_policy" name="test_proven_geometry_comparison_requires_available_measurements_and_method[unevaluated_method]" time="1.271" /><testcase classname="tests.test_policy" name="test_all_declared_failure_categories_are_retained" time="1.269" /><testcase classname="tests.test_policy" name="test_dropped_or_misclassified_failure_evidence_is_rejected[failure_artifact_ids]" time="1.178" /><testcase classname="tests.test_policy" name="test_dropped_or_misclassified_failure_evidence_is_rejected[mismatch_artifact_ids]" time="1.273" /><testcase classname="tests.test_policy" name="test_dropped_or_misclassified_failure_evidence_is_rejected[rejection_artifact_ids]" time="1.296" /><testcase classname="tests.test_policy" name="test_dropped_or_misclassified_failure_evidence_is_rejected[reviewer_finding_artifact_ids]" time="1.337" /><testcase classname="tests.test_promotion" name="test_local_package_can_succeed_without_full_preservation" time="1.304" /><testcase classname="tests.test_promotion" name="test_generated_manifest_is_schema_valid_and_keeps_results_separate" time="1.246" /><testcase classname="tests.test_promotion" name="test_copy_inventory_recounts_each_allowlisted_file" time="1.436" /><testcase classname="tests.test_promotion" name="test_second_promotion_refuses_overwrite_without_changing_package" time="2.153" /><testcase classname="tests.test_promotion" name="test_missing_allowlisted_file_installs_no_package" time="1.362" /><testcase classname="tests.test_promotion" name="test_copy_corruption_retains_failure_report_and_source_evidence" time="1.346" /><testcase classname="tests.test_promotion" name="test_promotes_case_a_and_case_b_without_collapsing_results" time="1.846" /><testcase classname="tests.test_promotion" name="test_second_cad_promotion_refuses_overwrite" time="1.826" /><testcase classname="tests.test_promotion" name="test_missing_cad_snapshot_installs_no_package" time="1.692" /><testcase classname="tests.test_schema_contracts" name="test_stable_evidence_disables_git_line_ending_conversion" time="0.065" /><testcase classname="tests.test_schema_contracts" name="test_historical_manifests_remain_valid" time="0.486" /><testcase classname="tests.test_schema_contracts" name="test_valid_mvp_request_allows_unproven_geometry" time="0.159" /><testcase classname="tests.test_schema_contracts" name="test_valid_generated_manifest_keeps_package_preservation_and_publication_separate" time="0.143" /><testcase classname="tests.test_schema_contracts" name="test_request_schema_accepts_snapshot_and_cad_artifact_kinds" time="0.198" /><testcase classname="tests.test_schema_contracts" name="test_manifest_allows_byte_difference_without_geometry_claim" time="0.251" /><testcase classname="tests.test_schema_contracts" name="test_request_allows_proven_cad_results_only_with_evidence" time="1.367" /><testcase classname="tests.test_schema_contracts" name="test_historical_manifests_still_validate_after_cad_extension" time="0.471" /><testcase classname="tests.test_schema_contracts" name="test_existing_p2_mvp_manifests_remain_valid" time="0.133" /><testcase classname="tests.test_schema_contracts" name="test_request_schema_rejects_incomplete_or_claiming_input[missing_implementation_commit]" time="0.147" /><testcase classname="tests.test_schema_contracts" name="test_request_schema_rejects_incomplete_or_claiming_input[invalid_run_id]" time="0.158" /><testcase classname="tests.test_schema_contracts" name="test_request_schema_rejects_incomplete_or_claiming_input[missing_tolerance_unit]" time="0.133" /><testcase classname="tests.test_schema_contracts" name="test_request_schema_rejects_incomplete_or_claiming_input[unknown_property]" time="0.134" /><testcase classname="tests.test_schema_contracts" name="test_request_schema_rejects_incomplete_or_claiming_input[geometry_pass_without_evidence]" time="0.129" /><testcase classname="tests.test_schema_contracts" name="test_request_schema_rejects_incomplete_or_claiming_input[geometry_evidence]" time="0.130" /><testcase classname="tests.test_schema_contracts" name="test_request_schema_rejects_incomplete_or_claiming_input[collapsed_result_status]" time="0.141" /><testcase classname="tests.test_schema_contracts" name="test_deterministic_json_writer_sorts_keys_and_terminates_line" time="0.027" /><testcase classname="tests.test_shell_fill_04a2" name="test_shell_fill_generator_creates_three_independent_tracked_step_bundles" time="4.511" /><testcase classname="tests.test_shell_fill_04a2" name="test_tracked_shell_fill_case_validates_actual_shape_not_only_closedness[U01_sphere_full_fill]" time="3.232" /><testcase classname="tests.test_shell_fill_04a2" name="test_tracked_shell_fill_case_validates_actual_shape_not_only_closedness[U02_sphere_half_fill]" time="3.854" /><testcase classname="tests.test_shell_fill_04a2" name="test_tracked_shell_fill_case_validates_actual_shape_not_only_closedness[U03_sphere_partial_fill]" time="3.152" /><testcase classname="tests.test_shell_fill_04a2" name="test_u01_rejects_half_shell_plus_full_core_with_same_radii" time="0.850" /><testcase classname="tests.test_shell_fill_04a2" name="test_u03_rejects_filled_lower_cavity" time="0.847" /><testcase classname="tests.test_shell_fill_04a2" name="test_shell_fill_suite_publishes_chinese_view_index_and_two_process_repeatability" time="26.329" /></testsuite></testsuites>